2024-12-28 01:03:51,435 - WARNING -  * Debugger is active!
2024-12-28 01:03:51,441 - INFO -  * Debugger PIN: 130-659-414
2024-12-28 01:03:53,947 - INFO - Starting scraping process
2024-12-28 01:03:53,948 - INFO - Setting up Chrome driver with options
2024-12-28 01:03:53,948 - INFO - Chrome option: --no-sandbox
2024-12-28 01:03:53,949 - INFO - Chrome option: --disable-dev-shm-usage
2024-12-28 01:03:53,949 - INFO - Chrome option: --disable-gpu
2024-12-28 01:03:53,949 - INFO - Chrome option: --headless
2024-12-28 01:03:53,950 - INFO - Chrome option: --window-size=1920,1080
2024-12-28 01:03:53,950 - INFO - Chrome option: --start-maximized
2024-12-28 01:03:53,950 - INFO - Chrome option: --disable-blink-features=AutomationControlled
2024-12-28 01:03:53,965 - INFO - Chrome option: --disable-extensions
2024-12-28 01:03:53,965 - INFO - Chrome option: --remote-debugging-port=9222
2024-12-28 01:03:55,615 - INFO - patching driver executable C:\Users\Admin\appdata\roaming\undetected_chromedriver\undetected_chromedriver.exe
2024-12-28 01:03:55,700 - ERROR - Driver setup failed: 
---------------------
Could not determine browser executable.
---------------------
Make sure your browser is installed in the default location (path).
If you are sure about the browser executable, you can specify it using
the `browser_executable_path='c:/path/to/your/browser.exe` parameter.


2024-12-28 01:03:55,707 - ERROR - Error traceback: Traceback (most recent call last):
  File "D:\stir-web-scrapping-task\app.py", line 368, in setup_driver
    driver = uc.Chrome(options=options)
             ^^^^^^^^^^^^^^^^^^^^^^^^^^
  File "C:\Users\Admin\AppData\Local\Programs\Python\Python312\Lib\site-packages\undetected_chromedriver\__init__.py", line 378, in __init__
    raise FileNotFoundError(
FileNotFoundError: 
---------------------
Could not determine browser executable.
---------------------
Make sure your browser is installed in the default location (path).
If you are sure about the browser executable, you can specify it using
the `browser_executable_path='c:/path/to/your/browser.exe` parameter.



2024-12-28 01:03:55,711 - ERROR - Error getting trending topics: 
---------------------
Could not determine browser executable.
---------------------
Make sure your browser is installed in the default location (path).
If you are sure about the browser executable, you can specify it using
the `browser_executable_path='c:/path/to/your/browser.exe` parameter.


2024-12-28 01:03:55,714 - ERROR - Error type: FileNotFoundError
2024-12-28 01:03:55,716 - ERROR - Error traceback: Traceback (most recent call last):
  File "D:\stir-web-scrapping-task\app.py", line 487, in get_trending_topics
    driver = self.setup_driver()
             ^^^^^^^^^^^^^^^^^^^
  File "D:\stir-web-scrapping-task\app.py", line 368, in setup_driver
    driver = uc.Chrome(options=options)
             ^^^^^^^^^^^^^^^^^^^^^^^^^^
  File "C:\Users\Admin\AppData\Local\Programs\Python\Python312\Lib\site-packages\undetected_chromedriver\__init__.py", line 378, in __init__
    raise FileNotFoundError(
FileNotFoundError: 
---------------------
Could not determine browser executable.
---------------------
Make sure your browser is installed in the default location (path).
If you are sure about the browser executable, you can specify it using
the `browser_executable_path='c:/path/to/your/browser.exe` parameter.



2024-12-28 01:03:55,720 - ERROR - Error scraping Twitter: 
---------------------
Could not determine browser executable.
---------------------
Make sure your browser is installed in the default location (path).
If you are sure about the browser executable, you can specify it using
the `browser_executable_path='c:/path/to/your/browser.exe` parameter.


2024-12-28 01:03:55,723 - ERROR - Error traceback: Traceback (most recent call last):
  File "D:\stir-web-scrapping-task\app.py", line 598, in scrape
    result = scraper.get_trending_topics()
             ^^^^^^^^^^^^^^^^^^^^^^^^^^^^^
  File "D:\stir-web-scrapping-task\app.py", line 487, in get_trending_topics
    driver = self.setup_driver()
             ^^^^^^^^^^^^^^^^^^^
  File "D:\stir-web-scrapping-task\app.py", line 368, in setup_driver
    driver = uc.Chrome(options=options)
             ^^^^^^^^^^^^^^^^^^^^^^^^^^
  File "C:\Users\Admin\AppData\Local\Programs\Python\Python312\Lib\site-packages\undetected_chromedriver\__init__.py", line 378, in __init__
    raise FileNotFoundError(
FileNotFoundError: 
---------------------
Could not determine browser executable.
---------------------
Make sure your browser is installed in the default location (path).
If you are sure about the browser executable, you can specify it using
the `browser_executable_path='c:/path/to/your/browser.exe` parameter.



2024-12-28 01:03:55,738 - INFO - 127.0.0.1 - - [28/Dec/2024 01:03:55] "[35m[1mPOST /scrape HTTP/1.1[0m" 500 -
2024-12-28 01:05:39,830 - INFO -  * Detected change in 'D:\\stir-web-scrapping-task\\app.py', reloading
2024-12-28 01:05:41,617 - WARNING -  * Debugger is active!
2024-12-28 01:05:41,621 - INFO -  * Debugger PIN: 130-659-414
2024-12-28 01:05:44,403 - INFO - Starting scraping process
2024-12-28 01:05:44,405 - INFO - Setting up Chrome driver with options
2024-12-28 01:05:44,406 - INFO - Chrome option: --no-sandbox
2024-12-28 01:05:44,407 - INFO - Chrome option: --disable-dev-shm-usage
2024-12-28 01:05:44,408 - INFO - Chrome option: --disable-gpu
2024-12-28 01:05:44,410 - INFO - Chrome option: --headless
2024-12-28 01:05:44,413 - INFO - Chrome option: --window-size=1920,1080
2024-12-28 01:05:44,415 - INFO - Chrome option: --start-maximized
2024-12-28 01:05:44,416 - INFO - Chrome option: --disable-blink-features=AutomationControlled
2024-12-28 01:05:44,417 - INFO - Chrome option: --disable-extensions
2024-12-28 01:05:44,418 - INFO - Chrome option: --remote-debugging-port=9222
2024-12-28 01:05:46,261 - INFO - patching driver executable C:\Users\Admin\appdata\roaming\undetected_chromedriver\undetected_chromedriver.exe
2024-12-28 01:05:47,616 - INFO - Chrome driver setup successful
2024-12-28 01:05:47,617 - INFO - Attempting Twitter login
2024-12-28 01:05:56,758 - INFO - Screenshot saved: screenshots\login_page_20241228_010556.png
2024-12-28 01:05:56,759 - INFO - Waiting for element: name=text
2024-12-28 01:05:57,772 - INFO - Element found: name=text
2024-12-28 01:05:59,988 - INFO - Waiting for element: xpath=//span[text()='Next']
2024-12-28 01:06:01,045 - INFO - Element found: xpath=//span[text()='Next']
2024-12-28 01:06:04,438 - INFO - Waiting for element: name=text
2024-12-28 01:06:05,449 - INFO - Element found: name=text
2024-12-28 01:06:05,580 - INFO - Waiting for element: xpath=//span[text()='Next']
2024-12-28 01:06:06,589 - INFO - Element found: xpath=//span[text()='Next']
2024-12-28 01:06:09,662 - INFO - Waiting for element: name=password
2024-12-28 01:06:10,688 - INFO - Element found: name=password
2024-12-28 01:06:12,808 - INFO - Waiting for element: xpath=//span[text()='Log in']
2024-12-28 01:06:13,820 - INFO - Element found: xpath=//span[text()='Log in']
2024-12-28 01:06:23,963 - INFO - Successfully logged into Twitter
2024-12-28 01:06:23,964 - INFO - Waiting for element: xpath=//a[@aria-label='Home']
2024-12-28 01:06:24,987 - INFO - Element found: xpath=//a[@aria-label='Home']
2024-12-28 01:06:24,987 - INFO - Login verification successful
2024-12-28 01:06:24,987 - INFO - Navigating to Twitter explore page
2024-12-28 01:06:30,988 - INFO - Attempting to fetch trends (retry 1/3)
2024-12-28 01:06:31,029 - INFO - Found 38 trend containers
2024-12-28 01:06:31,054 - WARNING - Error processing trend container: Message: no such element: Unable to locate element: {"method":"xpath","selector":".//span[@dir='ltr']"}
  (Session info: chrome=131.0.6778.205); For documentation on this error, please visit: https://www.selenium.dev/documentation/webdriver/troubleshooting/errors#no-such-element-exception
Stacktrace:
	GetHandleVerifier [0x003AEC13+23731]
	(No symbol) [0x0033C394]
	(No symbol) [0x0021BE63]
	(No symbol) [0x0025FCE6]
	(No symbol) [0x0025FF2B]
	(No symbol) [0x00255A81]
	(No symbol) [0x00281EA4]
	(No symbol) [0x002559A4]
	(No symbol) [0x002820F4]
	(No symbol) [0x0029B46E]
	(No symbol) [0x00281BF6]
	(No symbol) [0x00253F35]
	(No symbol) [0x00254EBD]
	GetHandleVerifier [0x0068F0D3+3039603]
	GetHandleVerifier [0x006A2DEA+3120778]
	GetHandleVerifier [0x0069B592+3089970]
	GetHandleVerifier [0x004443B0+635984]
	(No symbol) [0x00344DCD]
	(No symbol) [0x00342068]
	(No symbol) [0x00342205]
	(No symbol) [0x00334FD0]
	BaseThreadInitThunk [0x767500C9+25]
	RtlGetAppContainerNamedObjectPath [0x774C7B1E+286]
	RtlGetAppContainerNamedObjectPath [0x774C7AEE+238]

2024-12-28 01:06:31,250 - INFO - Added trend: #KhanSir
2024-12-28 01:06:31,278 - INFO - Added trend: #PriyankaChopra
2024-12-28 01:06:31,288 - WARNING - Error processing trend container: Message: no such element: Unable to locate element: {"method":"xpath","selector":".//span[@dir='ltr']"}
  (Session info: chrome=131.0.6778.205); For documentation on this error, please visit: https://www.selenium.dev/documentation/webdriver/troubleshooting/errors#no-such-element-exception
Stacktrace:
	GetHandleVerifier [0x003AEC13+23731]
	(No symbol) [0x0033C394]
	(No symbol) [0x0021BE63]
	(No symbol) [0x0025FCE6]
	(No symbol) [0x0025FF2B]
	(No symbol) [0x00255A81]
	(No symbol) [0x00281EA4]
	(No symbol) [0x002559A4]
	(No symbol) [0x002820F4]
	(No symbol) [0x0029B46E]
	(No symbol) [0x00281BF6]
	(No symbol) [0x00253F35]
	(No symbol) [0x00254EBD]
	GetHandleVerifier [0x0068F0D3+3039603]
	GetHandleVerifier [0x006A2DEA+3120778]
	GetHandleVerifier [0x0069B592+3089970]
	GetHandleVerifier [0x004443B0+635984]
	(No symbol) [0x00344DCD]
	(No symbol) [0x00342068]
	(No symbol) [0x00342205]
	(No symbol) [0x00334FD0]
	BaseThreadInitThunk [0x767500C9+25]
	RtlGetAppContainerNamedObjectPath [0x774C7B1E+286]
	RtlGetAppContainerNamedObjectPath [0x774C7AEE+238]

2024-12-28 01:06:31,318 - INFO - Added trend: #BiggBoss18
2024-12-28 01:06:31,327 - WARNING - Error processing trend container: Message: no such element: Unable to locate element: {"method":"xpath","selector":".//span[@dir='ltr']"}
  (Session info: chrome=131.0.6778.205); For documentation on this error, please visit: https://www.selenium.dev/documentation/webdriver/troubleshooting/errors#no-such-element-exception
Stacktrace:
	GetHandleVerifier [0x003AEC13+23731]
	(No symbol) [0x0033C394]
	(No symbol) [0x0021BE63]
	(No symbol) [0x0025FCE6]
	(No symbol) [0x0025FF2B]
	(No symbol) [0x00255A81]
	(No symbol) [0x00281EA4]
	(No symbol) [0x002559A4]
	(No symbol) [0x002820F4]
	(No symbol) [0x0029B46E]
	(No symbol) [0x00281BF6]
	(No symbol) [0x00253F35]
	(No symbol) [0x00254EBD]
	GetHandleVerifier [0x0068F0D3+3039603]
	GetHandleVerifier [0x006A2DEA+3120778]
	GetHandleVerifier [0x0069B592+3089970]
	GetHandleVerifier [0x004443B0+635984]
	(No symbol) [0x00344DCD]
	(No symbol) [0x00342068]
	(No symbol) [0x00342205]
	(No symbol) [0x00334FD0]
	BaseThreadInitThunk [0x767500C9+25]
	RtlGetAppContainerNamedObjectPath [0x774C7B1E+286]
	RtlGetAppContainerNamedObjectPath [0x774C7AEE+238]

2024-12-28 01:06:31,353 - INFO - Added trend: #DelhiRains
2024-12-28 01:06:31,380 - INFO - Added trend: #ShameOnYouStalin
2024-12-28 01:06:31,938 - INFO - Successfully saved trending topics
2024-12-28 01:06:32,379 - INFO - Scraping completed successfully
2024-12-28 01:06:32,379 - INFO - 127.0.0.1 - - [28/Dec/2024 01:06:32] "POST /scrape HTTP/1.1" 200 -
2024-12-28 01:21:23,429 - INFO - Starting scraping process
2024-12-28 01:21:23,429 - INFO - Setting up Chrome driver with options
2024-12-28 01:21:23,430 - INFO - Chrome option: --no-sandbox
2024-12-28 01:21:23,430 - INFO - Chrome option: --disable-dev-shm-usage
2024-12-28 01:21:23,430 - INFO - Chrome option: --disable-gpu
2024-12-28 01:21:23,432 - INFO - Chrome option: --headless
2024-12-28 01:21:23,433 - INFO - Chrome option: --window-size=1920,1080
2024-12-28 01:21:23,434 - INFO - Chrome option: --start-maximized
2024-12-28 01:21:23,434 - INFO - Chrome option: --disable-blink-features=AutomationControlled
2024-12-28 01:21:23,435 - INFO - Chrome option: --disable-extensions
2024-12-28 01:21:23,435 - INFO - Chrome option: --remote-debugging-port=9222
2024-12-28 01:21:25,485 - INFO - patching driver executable C:\Users\Admin\appdata\roaming\undetected_chromedriver\undetected_chromedriver.exe
2024-12-28 01:21:26,765 - INFO - Chrome driver setup successful
2024-12-28 01:21:26,765 - INFO - Attempting Twitter login
2024-12-28 01:21:35,919 - INFO - Screenshot saved: screenshots\login_page_20241228_012135.png
2024-12-28 01:21:35,920 - INFO - Waiting for element: name=text
2024-12-28 01:21:36,932 - INFO - Element found: name=text
2024-12-28 01:21:39,121 - INFO - Waiting for element: xpath=//span[text()='Next']
2024-12-28 01:21:40,135 - INFO - Element found: xpath=//span[text()='Next']
2024-12-28 01:21:43,501 - INFO - Waiting for element: name=text
2024-12-28 01:21:48,661 - ERROR - Element not found: name=text
2024-12-28 01:21:48,779 - INFO - Screenshot saved: screenshots\element_not_found_text_20241228_012148.png
2024-12-28 01:21:48,780 - INFO - No email verification required
2024-12-28 01:21:48,780 - INFO - Waiting for element: name=password
2024-12-28 01:21:49,793 - INFO - Element found: name=password
2024-12-28 01:21:51,913 - INFO - Waiting for element: xpath=//span[text()='Log in']
2024-12-28 01:21:52,935 - INFO - Element found: xpath=//span[text()='Log in']
2024-12-28 01:22:03,037 - INFO - Successfully logged into Twitter
2024-12-28 01:22:03,037 - INFO - Waiting for element: xpath=//a[@aria-label='Home']
2024-12-28 01:22:04,054 - INFO - Element found: xpath=//a[@aria-label='Home']
2024-12-28 01:22:04,055 - INFO - Login verification successful
2024-12-28 01:22:04,056 - INFO - Navigating to Twitter explore page
2024-12-28 01:22:09,740 - INFO - Attempting to fetch trends (retry 1/3)
2024-12-28 01:22:09,776 - INFO - Found 38 trend containers
2024-12-28 01:22:09,794 - WARNING - Error processing trend container: Message: no such element: Unable to locate element: {"method":"xpath","selector":".//span[@dir='ltr']"}
  (Session info: chrome=131.0.6778.205); For documentation on this error, please visit: https://www.selenium.dev/documentation/webdriver/troubleshooting/errors#no-such-element-exception
Stacktrace:
	GetHandleVerifier [0x011FEC13+23731]
	(No symbol) [0x0118C394]
	(No symbol) [0x0106BE63]
	(No symbol) [0x010AFCE6]
	(No symbol) [0x010AFF2B]
	(No symbol) [0x010A5A81]
	(No symbol) [0x010D1EA4]
	(No symbol) [0x010A59A4]
	(No symbol) [0x010D20F4]
	(No symbol) [0x010EB46E]
	(No symbol) [0x010D1BF6]
	(No symbol) [0x010A3F35]
	(No symbol) [0x010A4EBD]
	GetHandleVerifier [0x014DF0D3+3039603]
	GetHandleVerifier [0x014F2DEA+3120778]
	GetHandleVerifier [0x014EB592+3089970]
	GetHandleVerifier [0x012943B0+635984]
	(No symbol) [0x01194DCD]
	(No symbol) [0x01192068]
	(No symbol) [0x01192205]
	(No symbol) [0x01184FD0]
	BaseThreadInitThunk [0x767500C9+25]
	RtlGetAppContainerNamedObjectPath [0x774C7B1E+286]
	RtlGetAppContainerNamedObjectPath [0x774C7AEE+238]

2024-12-28 01:22:09,876 - INFO - Added trend: #KhanSir
2024-12-28 01:22:09,930 - INFO - Added trend: #PriyankaChopra
2024-12-28 01:22:09,957 - WARNING - Error processing trend container: Message: no such element: Unable to locate element: {"method":"xpath","selector":".//span[@dir='ltr']"}
  (Session info: chrome=131.0.6778.205); For documentation on this error, please visit: https://www.selenium.dev/documentation/webdriver/troubleshooting/errors#no-such-element-exception
Stacktrace:
	GetHandleVerifier [0x011FEC13+23731]
	(No symbol) [0x0118C394]
	(No symbol) [0x0106BE63]
	(No symbol) [0x010AFCE6]
	(No symbol) [0x010AFF2B]
	(No symbol) [0x010A5A81]
	(No symbol) [0x010D1EA4]
	(No symbol) [0x010A59A4]
	(No symbol) [0x010D20F4]
	(No symbol) [0x010EB46E]
	(No symbol) [0x010D1BF6]
	(No symbol) [0x010A3F35]
	(No symbol) [0x010A4EBD]
	GetHandleVerifier [0x014DF0D3+3039603]
	GetHandleVerifier [0x014F2DEA+3120778]
	GetHandleVerifier [0x014EB592+3089970]
	GetHandleVerifier [0x012943B0+635984]
	(No symbol) [0x01194DCD]
	(No symbol) [0x01192068]
	(No symbol) [0x01192205]
	(No symbol) [0x01184FD0]
	BaseThreadInitThunk [0x767500C9+25]
	RtlGetAppContainerNamedObjectPath [0x774C7B1E+286]
	RtlGetAppContainerNamedObjectPath [0x774C7AEE+238]

2024-12-28 01:22:10,013 - INFO - Added trend: #BiggBoss18
2024-12-28 01:22:10,032 - WARNING - Error processing trend container: Message: no such element: Unable to locate element: {"method":"xpath","selector":".//span[@dir='ltr']"}
  (Session info: chrome=131.0.6778.205); For documentation on this error, please visit: https://www.selenium.dev/documentation/webdriver/troubleshooting/errors#no-such-element-exception
Stacktrace:
	GetHandleVerifier [0x011FEC13+23731]
	(No symbol) [0x0118C394]
	(No symbol) [0x0106BE63]
	(No symbol) [0x010AFCE6]
	(No symbol) [0x010AFF2B]
	(No symbol) [0x010A5A81]
	(No symbol) [0x010D1EA4]
	(No symbol) [0x010A59A4]
	(No symbol) [0x010D20F4]
	(No symbol) [0x010EB46E]
	(No symbol) [0x010D1BF6]
	(No symbol) [0x010A3F35]
	(No symbol) [0x010A4EBD]
	GetHandleVerifier [0x014DF0D3+3039603]
	GetHandleVerifier [0x014F2DEA+3120778]
	GetHandleVerifier [0x014EB592+3089970]
	GetHandleVerifier [0x012943B0+635984]
	(No symbol) [0x01194DCD]
	(No symbol) [0x01192068]
	(No symbol) [0x01192205]
	(No symbol) [0x01184FD0]
	BaseThreadInitThunk [0x767500C9+25]
	RtlGetAppContainerNamedObjectPath [0x774C7B1E+286]
	RtlGetAppContainerNamedObjectPath [0x774C7AEE+238]

2024-12-28 01:22:10,120 - WARNING - Error processing trend container: Message: no such element: Unable to locate element: {"method":"xpath","selector":".//span[@dir='ltr']"}
  (Session info: chrome=131.0.6778.205); For documentation on this error, please visit: https://www.selenium.dev/documentation/webdriver/troubleshooting/errors#no-such-element-exception
Stacktrace:
	GetHandleVerifier [0x011FEC13+23731]
	(No symbol) [0x0118C394]
	(No symbol) [0x0106BE63]
	(No symbol) [0x010AFCE6]
	(No symbol) [0x010AFF2B]
	(No symbol) [0x010A5A81]
	(No symbol) [0x010D1EA4]
	(No symbol) [0x010A59A4]
	(No symbol) [0x010D20F4]
	(No symbol) [0x010EB46E]
	(No symbol) [0x010D1BF6]
	(No symbol) [0x010A3F35]
	(No symbol) [0x010A4EBD]
	GetHandleVerifier [0x014DF0D3+3039603]
	GetHandleVerifier [0x014F2DEA+3120778]
	GetHandleVerifier [0x014EB592+3089970]
	GetHandleVerifier [0x012943B0+635984]
	(No symbol) [0x01194DCD]
	(No symbol) [0x01192068]
	(No symbol) [0x01192205]
	(No symbol) [0x01184FD0]
	BaseThreadInitThunk [0x767500C9+25]
	RtlGetAppContainerNamedObjectPath [0x774C7B1E+286]
	RtlGetAppContainerNamedObjectPath [0x774C7AEE+238]

2024-12-28 01:22:10,144 - WARNING - Error processing trend container: Message: no such element: Unable to locate element: {"method":"xpath","selector":".//span[@dir='ltr']"}
  (Session info: chrome=131.0.6778.205); For documentation on this error, please visit: https://www.selenium.dev/documentation/webdriver/troubleshooting/errors#no-such-element-exception
Stacktrace:
	GetHandleVerifier [0x011FEC13+23731]
	(No symbol) [0x0118C394]
	(No symbol) [0x0106BE63]
	(No symbol) [0x010AFCE6]
	(No symbol) [0x010AFF2B]
	(No symbol) [0x010A5A81]
	(No symbol) [0x010D1EA4]
	(No symbol) [0x010A59A4]
	(No symbol) [0x010D20F4]
	(No symbol) [0x010EB46E]
	(No symbol) [0x010D1BF6]
	(No symbol) [0x010A3F35]
	(No symbol) [0x010A4EBD]
	GetHandleVerifier [0x014DF0D3+3039603]
	GetHandleVerifier [0x014F2DEA+3120778]
	GetHandleVerifier [0x014EB592+3089970]
	GetHandleVerifier [0x012943B0+635984]
	(No symbol) [0x01194DCD]
	(No symbol) [0x01192068]
	(No symbol) [0x01192205]
	(No symbol) [0x01184FD0]
	BaseThreadInitThunk [0x767500C9+25]
	RtlGetAppContainerNamedObjectPath [0x774C7B1E+286]
	RtlGetAppContainerNamedObjectPath [0x774C7AEE+238]

2024-12-28 01:22:10,281 - INFO - Added trend: #ManmohanSingh
2024-12-28 01:22:10,302 - INFO - Added trend: #MAXimumBlockbuster
2024-12-28 01:22:10,709 - INFO - Successfully saved trending topics
2024-12-28 01:22:11,077 - INFO - Scraping completed successfully
2024-12-28 01:22:11,078 - INFO - 127.0.0.1 - - [28/Dec/2024 01:22:11] "POST /scrape HTTP/1.1" 200 -
2024-12-28 01:25:40,190 - INFO -  * Detected change in 'D:\\stir-web-scrapping-task\\app.py', reloading
2024-12-28 01:25:51,355 - WARNING -  * Debugger is active!
2024-12-28 01:25:51,366 - INFO -  * Debugger PIN: 130-659-414
2024-12-28 01:28:23,454 - INFO -  * Detected change in 'D:\\stir-web-scrapping-task\\app.py', reloading
2024-12-28 01:29:29,705 - INFO - Starting scraping process
2024-12-28 01:29:29,707 - INFO - Setting up Chrome driver with options
2024-12-28 01:29:29,709 - INFO - Chrome option: --no-sandbox
2024-12-28 01:29:29,710 - INFO - Chrome option: --disable-dev-shm-usage
2024-12-28 01:29:29,712 - INFO - Chrome option: --disable-gpu
2024-12-28 01:29:29,712 - INFO - Chrome option: --headless
2024-12-28 01:29:29,713 - INFO - Chrome option: --window-size=1920,1080
2024-12-28 01:29:29,713 - INFO - Chrome option: --start-maximized
2024-12-28 01:29:29,714 - INFO - Chrome option: --disable-blink-features=AutomationControlled
2024-12-28 01:29:29,715 - INFO - Chrome option: --disable-extensions
2024-12-28 01:29:29,715 - INFO - Chrome option: --remote-debugging-port=9222
2024-12-28 01:29:31,740 - INFO - patching driver executable C:\Users\Admin\appdata\roaming\undetected_chromedriver\undetected_chromedriver.exe
2024-12-28 01:29:33,377 - INFO - Chrome driver setup successful
2024-12-28 01:29:33,386 - INFO - Attempting Twitter login
2024-12-28 01:29:42,484 - INFO - Screenshot saved: screenshots\login_page_20241228_012942.png
2024-12-28 01:29:42,485 - INFO - Waiting for element: name=text
2024-12-28 01:29:43,498 - INFO - Element found: name=text
2024-12-28 01:29:45,778 - INFO - Waiting for element: xpath=//span[text()='Next']
2024-12-28 01:29:46,816 - INFO - Element found: xpath=//span[text()='Next']
2024-12-28 01:29:50,093 - INFO - Waiting for element: name=text
2024-12-28 01:29:55,311 - ERROR - Element not found: name=text
2024-12-28 01:29:55,432 - INFO - Screenshot saved: screenshots\element_not_found_text_20241228_012955.png
2024-12-28 01:29:55,433 - INFO - No email verification required
2024-12-28 01:29:55,434 - INFO - Waiting for element: name=password
2024-12-28 01:29:56,446 - INFO - Element found: name=password
2024-12-28 01:29:58,580 - INFO - Waiting for element: xpath=//span[text()='Log in']
2024-12-28 01:29:59,613 - INFO - Element found: xpath=//span[text()='Log in']
2024-12-28 01:30:09,700 - INFO - Successfully logged into Twitter
2024-12-28 01:30:09,700 - INFO - Waiting for element: xpath=//a[@aria-label='Home']
2024-12-28 01:30:10,719 - INFO - Element found: xpath=//a[@aria-label='Home']
2024-12-28 01:30:10,719 - INFO - Login verification successful
2024-12-28 01:30:10,719 - INFO - Navigating to Twitter explore page
2024-12-28 01:30:16,504 - INFO - Attempting to fetch trends (retry 1/3)
2024-12-28 01:30:16,553 - INFO - Found 38 trend containers
2024-12-28 01:30:16,582 - WARNING - Error processing trend container: Message: no such element: Unable to locate element: {"method":"xpath","selector":".//span[@dir='ltr']"}
  (Session info: chrome=131.0.6778.205); For documentation on this error, please visit: https://www.selenium.dev/documentation/webdriver/troubleshooting/errors#no-such-element-exception
Stacktrace:
	GetHandleVerifier [0x00E8EC13+23731]
	(No symbol) [0x00E1C394]
	(No symbol) [0x00CFBE63]
	(No symbol) [0x00D3FCE6]
	(No symbol) [0x00D3FF2B]
	(No symbol) [0x00D35A81]
	(No symbol) [0x00D61EA4]
	(No symbol) [0x00D359A4]
	(No symbol) [0x00D620F4]
	(No symbol) [0x00D7B46E]
	(No symbol) [0x00D61BF6]
	(No symbol) [0x00D33F35]
	(No symbol) [0x00D34EBD]
	GetHandleVerifier [0x0116F0D3+3039603]
	GetHandleVerifier [0x01182DEA+3120778]
	GetHandleVerifier [0x0117B592+3089970]
	GetHandleVerifier [0x00F243B0+635984]
	(No symbol) [0x00E24DCD]
	(No symbol) [0x00E22068]
	(No symbol) [0x00E22205]
	(No symbol) [0x00E14FD0]
	BaseThreadInitThunk [0x767500C9+25]
	RtlGetAppContainerNamedObjectPath [0x774C7B1E+286]
	RtlGetAppContainerNamedObjectPath [0x774C7AEE+238]

2024-12-28 01:30:16,638 - INFO - Added trend: #KhanSir
2024-12-28 01:30:16,666 - INFO - Added trend: #PriyankaChopra
2024-12-28 01:30:16,677 - WARNING - Error processing trend container: Message: no such element: Unable to locate element: {"method":"xpath","selector":".//span[@dir='ltr']"}
  (Session info: chrome=131.0.6778.205); For documentation on this error, please visit: https://www.selenium.dev/documentation/webdriver/troubleshooting/errors#no-such-element-exception
Stacktrace:
	GetHandleVerifier [0x00E8EC13+23731]
	(No symbol) [0x00E1C394]
	(No symbol) [0x00CFBE63]
	(No symbol) [0x00D3FCE6]
	(No symbol) [0x00D3FF2B]
	(No symbol) [0x00D35A81]
	(No symbol) [0x00D61EA4]
	(No symbol) [0x00D359A4]
	(No symbol) [0x00D620F4]
	(No symbol) [0x00D7B46E]
	(No symbol) [0x00D61BF6]
	(No symbol) [0x00D33F35]
	(No symbol) [0x00D34EBD]
	GetHandleVerifier [0x0116F0D3+3039603]
	GetHandleVerifier [0x01182DEA+3120778]
	GetHandleVerifier [0x0117B592+3089970]
	GetHandleVerifier [0x00F243B0+635984]
	(No symbol) [0x00E24DCD]
	(No symbol) [0x00E22068]
	(No symbol) [0x00E22205]
	(No symbol) [0x00E14FD0]
	BaseThreadInitThunk [0x767500C9+25]
	RtlGetAppContainerNamedObjectPath [0x774C7B1E+286]
	RtlGetAppContainerNamedObjectPath [0x774C7AEE+238]

2024-12-28 01:30:16,729 - WARNING - Error processing trend container: Message: no such element: Unable to locate element: {"method":"xpath","selector":".//span[@dir='ltr']"}
  (Session info: chrome=131.0.6778.205); For documentation on this error, please visit: https://www.selenium.dev/documentation/webdriver/troubleshooting/errors#no-such-element-exception
Stacktrace:
	GetHandleVerifier [0x00E8EC13+23731]
	(No symbol) [0x00E1C394]
	(No symbol) [0x00CFBE63]
	(No symbol) [0x00D3FCE6]
	(No symbol) [0x00D3FF2B]
	(No symbol) [0x00D35A81]
	(No symbol) [0x00D61EA4]
	(No symbol) [0x00D359A4]
	(No symbol) [0x00D620F4]
	(No symbol) [0x00D7B46E]
	(No symbol) [0x00D61BF6]
	(No symbol) [0x00D33F35]
	(No symbol) [0x00D34EBD]
	GetHandleVerifier [0x0116F0D3+3039603]
	GetHandleVerifier [0x01182DEA+3120778]
	GetHandleVerifier [0x0117B592+3089970]
	GetHandleVerifier [0x00F243B0+635984]
	(No symbol) [0x00E24DCD]
	(No symbol) [0x00E22068]
	(No symbol) [0x00E22205]
	(No symbol) [0x00E14FD0]
	BaseThreadInitThunk [0x767500C9+25]
	RtlGetAppContainerNamedObjectPath [0x774C7B1E+286]
	RtlGetAppContainerNamedObjectPath [0x774C7AEE+238]

2024-12-28 01:30:16,801 - INFO - Added trend: #AAA2024inBKK
2024-12-28 01:30:16,813 - WARNING - Error processing trend container: Message: no such element: Unable to locate element: {"method":"xpath","selector":".//span[@dir='ltr']"}
  (Session info: chrome=131.0.6778.205); For documentation on this error, please visit: https://www.selenium.dev/documentation/webdriver/troubleshooting/errors#no-such-element-exception
Stacktrace:
	GetHandleVerifier [0x00E8EC13+23731]
	(No symbol) [0x00E1C394]
	(No symbol) [0x00CFBE63]
	(No symbol) [0x00D3FCE6]
	(No symbol) [0x00D3FF2B]
	(No symbol) [0x00D35A81]
	(No symbol) [0x00D61EA4]
	(No symbol) [0x00D359A4]
	(No symbol) [0x00D620F4]
	(No symbol) [0x00D7B46E]
	(No symbol) [0x00D61BF6]
	(No symbol) [0x00D33F35]
	(No symbol) [0x00D34EBD]
	GetHandleVerifier [0x0116F0D3+3039603]
	GetHandleVerifier [0x01182DEA+3120778]
	GetHandleVerifier [0x0117B592+3089970]
	GetHandleVerifier [0x00F243B0+635984]
	(No symbol) [0x00E24DCD]
	(No symbol) [0x00E22068]
	(No symbol) [0x00E22205]
	(No symbol) [0x00E14FD0]
	BaseThreadInitThunk [0x767500C9+25]
	RtlGetAppContainerNamedObjectPath [0x774C7B1E+286]
	RtlGetAppContainerNamedObjectPath [0x774C7AEE+238]

2024-12-28 01:30:16,843 - INFO - Added trend: #MAXimumBlockbuster
2024-12-28 01:30:17,221 - INFO - Added trend: #BiggBoss18
2024-12-28 01:30:18,027 - INFO - Successfully saved trending topics
2024-12-28 01:30:18,456 - INFO - Scraping completed successfully
2024-12-28 01:30:18,458 - INFO - 127.0.0.1 - - [28/Dec/2024 01:30:18] "POST /scrape HTTP/1.1" 200 -
2024-12-28 01:38:42,489 - INFO - Starting scraping process
2024-12-28 01:38:42,493 - INFO - Setting up Chrome driver with options
2024-12-28 01:38:42,494 - INFO - Chrome option: --no-sandbox
2024-12-28 01:38:42,494 - INFO - Chrome option: --disable-dev-shm-usage
2024-12-28 01:38:42,495 - INFO - Chrome option: --disable-gpu
2024-12-28 01:38:42,496 - INFO - Chrome option: --headless
2024-12-28 01:38:42,530 - INFO - Chrome option: --window-size=1920,1080
2024-12-28 01:38:42,531 - INFO - Chrome option: --start-maximized
2024-12-28 01:38:42,531 - INFO - Chrome option: --disable-blink-features=AutomationControlled
2024-12-28 01:38:42,531 - INFO - Chrome option: --disable-extensions
2024-12-28 01:38:42,531 - INFO - Chrome option: --remote-debugging-port=9222
2024-12-28 01:38:44,371 - INFO - patching driver executable C:\Users\Admin\appdata\roaming\undetected_chromedriver\undetected_chromedriver.exe
2024-12-28 01:38:45,706 - INFO - Chrome driver setup successful
2024-12-28 01:38:45,707 - INFO - Attempting Twitter login
2024-12-28 01:38:54,833 - INFO - Screenshot saved: screenshots\login_page_20241228_013854.png
2024-12-28 01:38:54,834 - INFO - Waiting for element: name=text
2024-12-28 01:38:55,847 - INFO - Element found: name=text
2024-12-28 01:38:58,057 - INFO - Waiting for element: xpath=//span[text()='Next']
2024-12-28 01:38:59,073 - INFO - Element found: xpath=//span[text()='Next']
2024-12-28 01:39:02,440 - INFO - Waiting for element: name=text
2024-12-28 01:39:07,639 - ERROR - Element not found: name=text
2024-12-28 01:39:07,774 - INFO - Screenshot saved: screenshots\element_not_found_text_20241228_013907.png
2024-12-28 01:39:07,774 - INFO - No email verification required
2024-12-28 01:39:07,775 - INFO - Waiting for element: name=password
2024-12-28 01:39:08,837 - INFO - Element found: name=password
2024-12-28 01:39:11,014 - INFO - Waiting for element: xpath=//span[text()='Log in']
2024-12-28 01:39:12,030 - INFO - Element found: xpath=//span[text()='Log in']
2024-12-28 01:39:22,133 - INFO - Successfully logged into Twitter
2024-12-28 01:39:22,133 - INFO - Waiting for element: xpath=//a[@aria-label='Home']
2024-12-28 01:39:23,150 - INFO - Element found: xpath=//a[@aria-label='Home']
2024-12-28 01:39:23,150 - INFO - Login verification successful
2024-12-28 01:39:23,151 - INFO - Navigating to Twitter explore page
2024-12-28 01:39:29,376 - INFO - Attempting to fetch trends (retry 1/3)
2024-12-28 01:39:29,433 - INFO - Found 38 trend containers
2024-12-28 01:39:29,446 - WARNING - Error processing trend container: Message: no such element: Unable to locate element: {"method":"xpath","selector":".//span[@dir='ltr']"}
  (Session info: chrome=131.0.6778.205); For documentation on this error, please visit: https://www.selenium.dev/documentation/webdriver/troubleshooting/errors#no-such-element-exception
Stacktrace:
	GetHandleVerifier [0x0095EC13+23731]
	(No symbol) [0x008EC394]
	(No symbol) [0x007CBE63]
	(No symbol) [0x0080FCE6]
	(No symbol) [0x0080FF2B]
	(No symbol) [0x00805A81]
	(No symbol) [0x00831EA4]
	(No symbol) [0x008059A4]
	(No symbol) [0x008320F4]
	(No symbol) [0x0084B46E]
	(No symbol) [0x00831BF6]
	(No symbol) [0x00803F35]
	(No symbol) [0x00804EBD]
	GetHandleVerifier [0x00C3F0D3+3039603]
	GetHandleVerifier [0x00C52DEA+3120778]
	GetHandleVerifier [0x00C4B592+3089970]
	GetHandleVerifier [0x009F43B0+635984]
	(No symbol) [0x008F4DCD]
	(No symbol) [0x008F2068]
	(No symbol) [0x008F2205]
	(No symbol) [0x008E4FD0]
	BaseThreadInitThunk [0x767500C9+25]
	RtlGetAppContainerNamedObjectPath [0x774C7B1E+286]
	RtlGetAppContainerNamedObjectPath [0x774C7AEE+238]

2024-12-28 01:39:29,799 - INFO - Added trend: #PriyankaChopra
2024-12-28 01:39:29,825 - INFO - Added trend: #KhanSir
2024-12-28 01:39:29,832 - WARNING - Error processing trend container: Message: no such element: Unable to locate element: {"method":"xpath","selector":".//span[@dir='ltr']"}
  (Session info: chrome=131.0.6778.205); For documentation on this error, please visit: https://www.selenium.dev/documentation/webdriver/troubleshooting/errors#no-such-element-exception
Stacktrace:
	GetHandleVerifier [0x0095EC13+23731]
	(No symbol) [0x008EC394]
	(No symbol) [0x007CBE63]
	(No symbol) [0x0080FCE6]
	(No symbol) [0x0080FF2B]
	(No symbol) [0x00805A81]
	(No symbol) [0x00831EA4]
	(No symbol) [0x008059A4]
	(No symbol) [0x008320F4]
	(No symbol) [0x0084B46E]
	(No symbol) [0x00831BF6]
	(No symbol) [0x00803F35]
	(No symbol) [0x00804EBD]
	GetHandleVerifier [0x00C3F0D3+3039603]
	GetHandleVerifier [0x00C52DEA+3120778]
	GetHandleVerifier [0x00C4B592+3089970]
	GetHandleVerifier [0x009F43B0+635984]
	(No symbol) [0x008F4DCD]
	(No symbol) [0x008F2068]
	(No symbol) [0x008F2205]
	(No symbol) [0x008E4FD0]
	BaseThreadInitThunk [0x767500C9+25]
	RtlGetAppContainerNamedObjectPath [0x774C7B1E+286]
	RtlGetAppContainerNamedObjectPath [0x774C7AEE+238]

2024-12-28 01:39:29,970 - WARNING - Error processing trend container: Message: no such element: Unable to locate element: {"method":"xpath","selector":".//span[@dir='ltr']"}
  (Session info: chrome=131.0.6778.205); For documentation on this error, please visit: https://www.selenium.dev/documentation/webdriver/troubleshooting/errors#no-such-element-exception
Stacktrace:
	GetHandleVerifier [0x0095EC13+23731]
	(No symbol) [0x008EC394]
	(No symbol) [0x007CBE63]
	(No symbol) [0x0080FCE6]
	(No symbol) [0x0080FF2B]
	(No symbol) [0x00805A81]
	(No symbol) [0x00831EA4]
	(No symbol) [0x008059A4]
	(No symbol) [0x008320F4]
	(No symbol) [0x0084B46E]
	(No symbol) [0x00831BF6]
	(No symbol) [0x00803F35]
	(No symbol) [0x00804EBD]
	GetHandleVerifier [0x00C3F0D3+3039603]
	GetHandleVerifier [0x00C52DEA+3120778]
	GetHandleVerifier [0x00C4B592+3089970]
	GetHandleVerifier [0x009F43B0+635984]
	(No symbol) [0x008F4DCD]
	(No symbol) [0x008F2068]
	(No symbol) [0x008F2205]
	(No symbol) [0x008E4FD0]
	BaseThreadInitThunk [0x767500C9+25]
	RtlGetAppContainerNamedObjectPath [0x774C7B1E+286]
	RtlGetAppContainerNamedObjectPath [0x774C7AEE+238]

2024-12-28 01:39:30,002 - INFO - Added trend: #ManmohanSingh
2024-12-28 01:39:30,009 - WARNING - Error processing trend container: Message: no such element: Unable to locate element: {"method":"xpath","selector":".//span[@dir='ltr']"}
  (Session info: chrome=131.0.6778.205); For documentation on this error, please visit: https://www.selenium.dev/documentation/webdriver/troubleshooting/errors#no-such-element-exception
Stacktrace:
	GetHandleVerifier [0x0095EC13+23731]
	(No symbol) [0x008EC394]
	(No symbol) [0x007CBE63]
	(No symbol) [0x0080FCE6]
	(No symbol) [0x0080FF2B]
	(No symbol) [0x00805A81]
	(No symbol) [0x00831EA4]
	(No symbol) [0x008059A4]
	(No symbol) [0x008320F4]
	(No symbol) [0x0084B46E]
	(No symbol) [0x00831BF6]
	(No symbol) [0x00803F35]
	(No symbol) [0x00804EBD]
	GetHandleVerifier [0x00C3F0D3+3039603]
	GetHandleVerifier [0x00C52DEA+3120778]
	GetHandleVerifier [0x00C4B592+3089970]
	GetHandleVerifier [0x009F43B0+635984]
	(No symbol) [0x008F4DCD]
	(No symbol) [0x008F2068]
	(No symbol) [0x008F2205]
	(No symbol) [0x008E4FD0]
	BaseThreadInitThunk [0x767500C9+25]
	RtlGetAppContainerNamedObjectPath [0x774C7B1E+286]
	RtlGetAppContainerNamedObjectPath [0x774C7AEE+238]

2024-12-28 01:39:30,020 - WARNING - Error processing trend container: Message: no such element: Unable to locate element: {"method":"xpath","selector":".//span[@dir='ltr']"}
  (Session info: chrome=131.0.6778.205); For documentation on this error, please visit: https://www.selenium.dev/documentation/webdriver/troubleshooting/errors#no-such-element-exception
Stacktrace:
	GetHandleVerifier [0x0095EC13+23731]
	(No symbol) [0x008EC394]
	(No symbol) [0x007CBE63]
	(No symbol) [0x0080FCE6]
	(No symbol) [0x0080FF2B]
	(No symbol) [0x00805A81]
	(No symbol) [0x00831EA4]
	(No symbol) [0x008059A4]
	(No symbol) [0x008320F4]
	(No symbol) [0x0084B46E]
	(No symbol) [0x00831BF6]
	(No symbol) [0x00803F35]
	(No symbol) [0x00804EBD]
	GetHandleVerifier [0x00C3F0D3+3039603]
	GetHandleVerifier [0x00C52DEA+3120778]
	GetHandleVerifier [0x00C4B592+3089970]
	GetHandleVerifier [0x009F43B0+635984]
	(No symbol) [0x008F4DCD]
	(No symbol) [0x008F2068]
	(No symbol) [0x008F2205]
	(No symbol) [0x008E4FD0]
	BaseThreadInitThunk [0x767500C9+25]
	RtlGetAppContainerNamedObjectPath [0x774C7B1E+286]
	RtlGetAppContainerNamedObjectPath [0x774C7AEE+238]

2024-12-28 01:39:30,029 - WARNING - Error processing trend container: Message: no such element: Unable to locate element: {"method":"xpath","selector":".//span[@dir='ltr']"}
  (Session info: chrome=131.0.6778.205); For documentation on this error, please visit: https://www.selenium.dev/documentation/webdriver/troubleshooting/errors#no-such-element-exception
Stacktrace:
	GetHandleVerifier [0x0095EC13+23731]
	(No symbol) [0x008EC394]
	(No symbol) [0x007CBE63]
	(No symbol) [0x0080FCE6]
	(No symbol) [0x0080FF2B]
	(No symbol) [0x00805A81]
	(No symbol) [0x00831EA4]
	(No symbol) [0x008059A4]
	(No symbol) [0x008320F4]
	(No symbol) [0x0084B46E]
	(No symbol) [0x00831BF6]
	(No symbol) [0x00803F35]
	(No symbol) [0x00804EBD]
	GetHandleVerifier [0x00C3F0D3+3039603]
	GetHandleVerifier [0x00C52DEA+3120778]
	GetHandleVerifier [0x00C4B592+3089970]
	GetHandleVerifier [0x009F43B0+635984]
	(No symbol) [0x008F4DCD]
	(No symbol) [0x008F2068]
	(No symbol) [0x008F2205]
	(No symbol) [0x008E4FD0]
	BaseThreadInitThunk [0x767500C9+25]
	RtlGetAppContainerNamedObjectPath [0x774C7B1E+286]
	RtlGetAppContainerNamedObjectPath [0x774C7AEE+238]

2024-12-28 01:39:30,055 - INFO - Added trend: #BiggBoss18
2024-12-28 01:39:30,064 - WARNING - Error processing trend container: Message: no such element: Unable to locate element: {"method":"xpath","selector":".//span[@dir='ltr']"}
  (Session info: chrome=131.0.6778.205); For documentation on this error, please visit: https://www.selenium.dev/documentation/webdriver/troubleshooting/errors#no-such-element-exception
Stacktrace:
	GetHandleVerifier [0x0095EC13+23731]
	(No symbol) [0x008EC394]
	(No symbol) [0x007CBE63]
	(No symbol) [0x0080FCE6]
	(No symbol) [0x0080FF2B]
	(No symbol) [0x00805A81]
	(No symbol) [0x00831EA4]
	(No symbol) [0x008059A4]
	(No symbol) [0x008320F4]
	(No symbol) [0x0084B46E]
	(No symbol) [0x00831BF6]
	(No symbol) [0x00803F35]
	(No symbol) [0x00804EBD]
	GetHandleVerifier [0x00C3F0D3+3039603]
	GetHandleVerifier [0x00C52DEA+3120778]
	GetHandleVerifier [0x00C4B592+3089970]
	GetHandleVerifier [0x009F43B0+635984]
	(No symbol) [0x008F4DCD]
	(No symbol) [0x008F2068]
	(No symbol) [0x008F2205]
	(No symbol) [0x008E4FD0]
	BaseThreadInitThunk [0x767500C9+25]
	RtlGetAppContainerNamedObjectPath [0x774C7B1E+286]
	RtlGetAppContainerNamedObjectPath [0x774C7AEE+238]

2024-12-28 01:39:30,082 - WARNING - Error processing trend container: Message: no such element: Unable to locate element: {"method":"xpath","selector":".//span[@dir='ltr']"}
  (Session info: chrome=131.0.6778.205); For documentation on this error, please visit: https://www.selenium.dev/documentation/webdriver/troubleshooting/errors#no-such-element-exception
Stacktrace:
	GetHandleVerifier [0x0095EC13+23731]
	(No symbol) [0x008EC394]
	(No symbol) [0x007CBE63]
	(No symbol) [0x0080FCE6]
	(No symbol) [0x0080FF2B]
	(No symbol) [0x00805A81]
	(No symbol) [0x00831EA4]
	(No symbol) [0x008059A4]
	(No symbol) [0x008320F4]
	(No symbol) [0x0084B46E]
	(No symbol) [0x00831BF6]
	(No symbol) [0x00803F35]
	(No symbol) [0x00804EBD]
	GetHandleVerifier [0x00C3F0D3+3039603]
	GetHandleVerifier [0x00C52DEA+3120778]
	GetHandleVerifier [0x00C4B592+3089970]
	GetHandleVerifier [0x009F43B0+635984]
	(No symbol) [0x008F4DCD]
	(No symbol) [0x008F2068]
	(No symbol) [0x008F2205]
	(No symbol) [0x008E4FD0]
	BaseThreadInitThunk [0x767500C9+25]
	RtlGetAppContainerNamedObjectPath [0x774C7B1E+286]
	RtlGetAppContainerNamedObjectPath [0x774C7AEE+238]

2024-12-28 01:39:30,094 - WARNING - Error processing trend container: Message: no such element: Unable to locate element: {"method":"xpath","selector":".//span[@dir='ltr']"}
  (Session info: chrome=131.0.6778.205); For documentation on this error, please visit: https://www.selenium.dev/documentation/webdriver/troubleshooting/errors#no-such-element-exception
Stacktrace:
	GetHandleVerifier [0x0095EC13+23731]
	(No symbol) [0x008EC394]
	(No symbol) [0x007CBE63]
	(No symbol) [0x0080FCE6]
	(No symbol) [0x0080FF2B]
	(No symbol) [0x00805A81]
	(No symbol) [0x00831EA4]
	(No symbol) [0x008059A4]
	(No symbol) [0x008320F4]
	(No symbol) [0x0084B46E]
	(No symbol) [0x00831BF6]
	(No symbol) [0x00803F35]
	(No symbol) [0x00804EBD]
	GetHandleVerifier [0x00C3F0D3+3039603]
	GetHandleVerifier [0x00C52DEA+3120778]
	GetHandleVerifier [0x00C4B592+3089970]
	GetHandleVerifier [0x009F43B0+635984]
	(No symbol) [0x008F4DCD]
	(No symbol) [0x008F2068]
	(No symbol) [0x008F2205]
	(No symbol) [0x008E4FD0]
	BaseThreadInitThunk [0x767500C9+25]
	RtlGetAppContainerNamedObjectPath [0x774C7B1E+286]
	RtlGetAppContainerNamedObjectPath [0x774C7AEE+238]

2024-12-28 01:39:30,105 - WARNING - Error processing trend container: Message: no such element: Unable to locate element: {"method":"xpath","selector":".//span[@dir='ltr']"}
  (Session info: chrome=131.0.6778.205); For documentation on this error, please visit: https://www.selenium.dev/documentation/webdriver/troubleshooting/errors#no-such-element-exception
Stacktrace:
	GetHandleVerifier [0x0095EC13+23731]
	(No symbol) [0x008EC394]
	(No symbol) [0x007CBE63]
	(No symbol) [0x0080FCE6]
	(No symbol) [0x0080FF2B]
	(No symbol) [0x00805A81]
	(No symbol) [0x00831EA4]
	(No symbol) [0x008059A4]
	(No symbol) [0x008320F4]
	(No symbol) [0x0084B46E]
	(No symbol) [0x00831BF6]
	(No symbol) [0x00803F35]
	(No symbol) [0x00804EBD]
	GetHandleVerifier [0x00C3F0D3+3039603]
	GetHandleVerifier [0x00C52DEA+3120778]
	GetHandleVerifier [0x00C4B592+3089970]
	GetHandleVerifier [0x009F43B0+635984]
	(No symbol) [0x008F4DCD]
	(No symbol) [0x008F2068]
	(No symbol) [0x008F2205]
	(No symbol) [0x008E4FD0]
	BaseThreadInitThunk [0x767500C9+25]
	RtlGetAppContainerNamedObjectPath [0x774C7B1E+286]
	RtlGetAppContainerNamedObjectPath [0x774C7AEE+238]

2024-12-28 01:39:30,186 - WARNING - Error processing trend container: Message: no such element: Unable to locate element: {"method":"xpath","selector":".//span[@dir='ltr']"}
  (Session info: chrome=131.0.6778.205); For documentation on this error, please visit: https://www.selenium.dev/documentation/webdriver/troubleshooting/errors#no-such-element-exception
Stacktrace:
	GetHandleVerifier [0x0095EC13+23731]
	(No symbol) [0x008EC394]
	(No symbol) [0x007CBE63]
	(No symbol) [0x0080FCE6]
	(No symbol) [0x0080FF2B]
	(No symbol) [0x00805A81]
	(No symbol) [0x00831EA4]
	(No symbol) [0x008059A4]
	(No symbol) [0x008320F4]
	(No symbol) [0x0084B46E]
	(No symbol) [0x00831BF6]
	(No symbol) [0x00803F35]
	(No symbol) [0x00804EBD]
	GetHandleVerifier [0x00C3F0D3+3039603]
	GetHandleVerifier [0x00C52DEA+3120778]
	GetHandleVerifier [0x00C4B592+3089970]
	GetHandleVerifier [0x009F43B0+635984]
	(No symbol) [0x008F4DCD]
	(No symbol) [0x008F2068]
	(No symbol) [0x008F2205]
	(No symbol) [0x008E4FD0]
	BaseThreadInitThunk [0x767500C9+25]
	RtlGetAppContainerNamedObjectPath [0x774C7B1E+286]
	RtlGetAppContainerNamedObjectPath [0x774C7AEE+238]

2024-12-28 01:39:30,200 - WARNING - Error processing trend container: Message: no such element: Unable to locate element: {"method":"xpath","selector":".//span[@dir='ltr']"}
  (Session info: chrome=131.0.6778.205); For documentation on this error, please visit: https://www.selenium.dev/documentation/webdriver/troubleshooting/errors#no-such-element-exception
Stacktrace:
	GetHandleVerifier [0x0095EC13+23731]
	(No symbol) [0x008EC394]
	(No symbol) [0x007CBE63]
	(No symbol) [0x0080FCE6]
	(No symbol) [0x0080FF2B]
	(No symbol) [0x00805A81]
	(No symbol) [0x00831EA4]
	(No symbol) [0x008059A4]
	(No symbol) [0x008320F4]
	(No symbol) [0x0084B46E]
	(No symbol) [0x00831BF6]
	(No symbol) [0x00803F35]
	(No symbol) [0x00804EBD]
	GetHandleVerifier [0x00C3F0D3+3039603]
	GetHandleVerifier [0x00C52DEA+3120778]
	GetHandleVerifier [0x00C4B592+3089970]
	GetHandleVerifier [0x009F43B0+635984]
	(No symbol) [0x008F4DCD]
	(No symbol) [0x008F2068]
	(No symbol) [0x008F2205]
	(No symbol) [0x008E4FD0]
	BaseThreadInitThunk [0x767500C9+25]
	RtlGetAppContainerNamedObjectPath [0x774C7B1E+286]
	RtlGetAppContainerNamedObjectPath [0x774C7AEE+238]

2024-12-28 01:39:30,236 - INFO - Added trend: Sachin Tendulkar follows
2024-12-28 01:39:30,658 - INFO - Successfully saved trending topics
2024-12-28 01:39:31,126 - INFO - Scraping completed successfully
2024-12-28 01:39:31,127 - INFO - 127.0.0.1 - - [28/Dec/2024 01:39:31] "POST /scrape HTTP/1.1" 200 -
2024-12-28 11:10:33,505 - INFO - [31m[1mWARNING: This is a development server. Do not use it in a production deployment. Use a production WSGI server instead.[0m
 * Running on all addresses (0.0.0.0)
 * Running on http://127.0.0.1:5000
 * Running on http://192.168.68.116:5000
2024-12-28 11:10:33,520 - INFO - [33mPress CTRL+C to quit[0m
2024-12-28 11:11:06,927 - INFO - 127.0.0.1 - - [28/Dec/2024 11:11:06] "GET / HTTP/1.1" 200 -
2024-12-28 11:11:06,930 - INFO - 127.0.0.1 - - [28/Dec/2024 11:11:06] "GET / HTTP/1.1" 200 -
2024-12-28 11:11:08,061 - INFO - 127.0.0.1 - - [28/Dec/2024 11:11:08] "[33mGET /favicon.ico HTTP/1.1[0m" 404 -
2024-12-28 11:11:09,981 - INFO - Starting scraping process
2024-12-28 11:11:09,981 - INFO - Setting up Chrome driver with options
2024-12-28 11:11:09,982 - INFO - Chrome option: --no-sandbox
2024-12-28 11:11:09,982 - INFO - Chrome option: --disable-dev-shm-usage
2024-12-28 11:11:09,983 - INFO - Chrome option: --disable-gpu
2024-12-28 11:11:09,984 - INFO - Chrome option: --headless
2024-12-28 11:11:09,984 - INFO - Chrome option: --window-size=1920,1080
2024-12-28 11:11:09,985 - INFO - Chrome option: --start-maximized
2024-12-28 11:11:09,985 - INFO - Chrome option: --disable-blink-features=AutomationControlled
2024-12-28 11:11:09,986 - INFO - Chrome option: --disable-extensions
2024-12-28 11:11:09,986 - INFO - Chrome option: --remote-debugging-port=9222
2024-12-28 11:11:14,993 - INFO - patching driver executable C:\Users\Admin\appdata\roaming\undetected_chromedriver\undetected_chromedriver.exe
2024-12-28 11:11:17,174 - INFO - Chrome driver setup successful
2024-12-28 11:11:17,174 - INFO - Attempting Twitter login
2024-12-28 11:11:28,017 - INFO - Screenshot saved: screenshots\login_page_20241228_111127.png
2024-12-28 11:11:28,019 - INFO - Waiting for element: name=text
2024-12-28 11:11:29,038 - INFO - Element found: name=text
2024-12-28 11:11:31,294 - INFO - Waiting for element: xpath=//span[text()='Next']
2024-12-28 11:11:32,334 - INFO - Element found: xpath=//span[text()='Next']
2024-12-28 11:11:35,667 - INFO - Waiting for element: name=text
2024-12-28 11:11:36,686 - INFO - Element found: name=text
2024-12-28 11:11:36,878 - INFO - Waiting for element: xpath=//span[text()='Next']
2024-12-28 11:11:37,888 - INFO - Element found: xpath=//span[text()='Next']
2024-12-28 11:11:40,999 - INFO - Waiting for element: name=password
2024-12-28 11:11:42,012 - INFO - Element found: name=password
2024-12-28 11:11:44,134 - INFO - Waiting for element: xpath=//span[text()='Log in']
2024-12-28 11:11:45,156 - INFO - Element found: xpath=//span[text()='Log in']
2024-12-28 11:11:55,228 - INFO - Successfully logged into Twitter
2024-12-28 11:11:55,228 - INFO - Waiting for element: xpath=//a[@aria-label='Home']
2024-12-28 11:11:56,281 - INFO - Element found: xpath=//a[@aria-label='Home']
2024-12-28 11:11:56,282 - INFO - Login verification successful
2024-12-28 11:11:56,282 - INFO - Navigating to Twitter explore page
2024-12-28 11:12:02,241 - INFO - Attempting to fetch trends (retry 1/3)
2024-12-28 11:12:02,265 - INFO - Found 37 trend containers
2024-12-28 11:12:02,277 - WARNING - Error processing trend container: Message: no such element: Unable to locate element: {"method":"xpath","selector":".//span[@dir='ltr']"}
  (Session info: chrome=131.0.6778.205); For documentation on this error, please visit: https://www.selenium.dev/documentation/webdriver/troubleshooting/errors#no-such-element-exception
Stacktrace:
	GetHandleVerifier [0x00B4EC13+23731]
	(No symbol) [0x00ADC394]
	(No symbol) [0x009BBE63]
	(No symbol) [0x009FFCE6]
	(No symbol) [0x009FFF2B]
	(No symbol) [0x009F5A81]
	(No symbol) [0x00A21EA4]
	(No symbol) [0x009F59A4]
	(No symbol) [0x00A220F4]
	(No symbol) [0x00A3B46E]
	(No symbol) [0x00A21BF6]
	(No symbol) [0x009F3F35]
	(No symbol) [0x009F4EBD]
	GetHandleVerifier [0x00E2F0D3+3039603]
	GetHandleVerifier [0x00E42DEA+3120778]
	GetHandleVerifier [0x00E3B592+3089970]
	GetHandleVerifier [0x00BE43B0+635984]
	(No symbol) [0x00AE4DCD]
	(No symbol) [0x00AE2068]
	(No symbol) [0x00AE2205]
	(No symbol) [0x00AD4FD0]
	BaseThreadInitThunk [0x767500C9+25]
	RtlGetAppContainerNamedObjectPath [0x774C7B1E+286]
	RtlGetAppContainerNamedObjectPath [0x774C7AEE+238]

2024-12-28 11:12:02,328 - INFO - Added trend: #INDvsAUS
2024-12-28 11:12:02,337 - WARNING - Error processing trend container: Message: no such element: Unable to locate element: {"method":"xpath","selector":".//span[@dir='ltr']"}
  (Session info: chrome=131.0.6778.205); For documentation on this error, please visit: https://www.selenium.dev/documentation/webdriver/troubleshooting/errors#no-such-element-exception
Stacktrace:
	GetHandleVerifier [0x00B4EC13+23731]
	(No symbol) [0x00ADC394]
	(No symbol) [0x009BBE63]
	(No symbol) [0x009FFCE6]
	(No symbol) [0x009FFF2B]
	(No symbol) [0x009F5A81]
	(No symbol) [0x00A21EA4]
	(No symbol) [0x009F59A4]
	(No symbol) [0x00A220F4]
	(No symbol) [0x00A3B46E]
	(No symbol) [0x00A21BF6]
	(No symbol) [0x009F3F35]
	(No symbol) [0x009F4EBD]
	GetHandleVerifier [0x00E2F0D3+3039603]
	GetHandleVerifier [0x00E42DEA+3120778]
	GetHandleVerifier [0x00E3B592+3089970]
	GetHandleVerifier [0x00BE43B0+635984]
	(No symbol) [0x00AE4DCD]
	(No symbol) [0x00AE2068]
	(No symbol) [0x00AE2205]
	(No symbol) [0x00AD4FD0]
	BaseThreadInitThunk [0x767500C9+25]
	RtlGetAppContainerNamedObjectPath [0x774C7B1E+286]
	RtlGetAppContainerNamedObjectPath [0x774C7AEE+238]

2024-12-28 11:12:02,348 - WARNING - Error processing trend container: Message: no such element: Unable to locate element: {"method":"xpath","selector":".//span[@dir='ltr']"}
  (Session info: chrome=131.0.6778.205); For documentation on this error, please visit: https://www.selenium.dev/documentation/webdriver/troubleshooting/errors#no-such-element-exception
Stacktrace:
	GetHandleVerifier [0x00B4EC13+23731]
	(No symbol) [0x00ADC394]
	(No symbol) [0x009BBE63]
	(No symbol) [0x009FFCE6]
	(No symbol) [0x009FFF2B]
	(No symbol) [0x009F5A81]
	(No symbol) [0x00A21EA4]
	(No symbol) [0x009F59A4]
	(No symbol) [0x00A220F4]
	(No symbol) [0x00A3B46E]
	(No symbol) [0x00A21BF6]
	(No symbol) [0x009F3F35]
	(No symbol) [0x009F4EBD]
	GetHandleVerifier [0x00E2F0D3+3039603]
	GetHandleVerifier [0x00E42DEA+3120778]
	GetHandleVerifier [0x00E3B592+3089970]
	GetHandleVerifier [0x00BE43B0+635984]
	(No symbol) [0x00AE4DCD]
	(No symbol) [0x00AE2068]
	(No symbol) [0x00AE2205]
	(No symbol) [0x00AD4FD0]
	BaseThreadInitThunk [0x767500C9+25]
	RtlGetAppContainerNamedObjectPath [0x774C7B1E+286]
	RtlGetAppContainerNamedObjectPath [0x774C7AEE+238]

2024-12-28 11:12:02,364 - WARNING - Error processing trend container: Message: no such element: Unable to locate element: {"method":"xpath","selector":".//span[@dir='ltr']"}
  (Session info: chrome=131.0.6778.205); For documentation on this error, please visit: https://www.selenium.dev/documentation/webdriver/troubleshooting/errors#no-such-element-exception
Stacktrace:
	GetHandleVerifier [0x00B4EC13+23731]
	(No symbol) [0x00ADC394]
	(No symbol) [0x009BBE63]
	(No symbol) [0x009FFCE6]
	(No symbol) [0x009FFF2B]
	(No symbol) [0x009F5A81]
	(No symbol) [0x00A21EA4]
	(No symbol) [0x009F59A4]
	(No symbol) [0x00A220F4]
	(No symbol) [0x00A3B46E]
	(No symbol) [0x00A21BF6]
	(No symbol) [0x009F3F35]
	(No symbol) [0x009F4EBD]
	GetHandleVerifier [0x00E2F0D3+3039603]
	GetHandleVerifier [0x00E42DEA+3120778]
	GetHandleVerifier [0x00E3B592+3089970]
	GetHandleVerifier [0x00BE43B0+635984]
	(No symbol) [0x00AE4DCD]
	(No symbol) [0x00AE2068]
	(No symbol) [0x00AE2205]
	(No symbol) [0x00AD4FD0]
	BaseThreadInitThunk [0x767500C9+25]
	RtlGetAppContainerNamedObjectPath [0x774C7B1E+286]
	RtlGetAppContainerNamedObjectPath [0x774C7AEE+238]

2024-12-28 11:12:02,379 - WARNING - Error processing trend container: Message: no such element: Unable to locate element: {"method":"xpath","selector":".//span[@dir='ltr']"}
  (Session info: chrome=131.0.6778.205); For documentation on this error, please visit: https://www.selenium.dev/documentation/webdriver/troubleshooting/errors#no-such-element-exception
Stacktrace:
	GetHandleVerifier [0x00B4EC13+23731]
	(No symbol) [0x00ADC394]
	(No symbol) [0x009BBE63]
	(No symbol) [0x009FFCE6]
	(No symbol) [0x009FFF2B]
	(No symbol) [0x009F5A81]
	(No symbol) [0x00A21EA4]
	(No symbol) [0x009F59A4]
	(No symbol) [0x00A220F4]
	(No symbol) [0x00A3B46E]
	(No symbol) [0x00A21BF6]
	(No symbol) [0x009F3F35]
	(No symbol) [0x009F4EBD]
	GetHandleVerifier [0x00E2F0D3+3039603]
	GetHandleVerifier [0x00E42DEA+3120778]
	GetHandleVerifier [0x00E3B592+3089970]
	GetHandleVerifier [0x00BE43B0+635984]
	(No symbol) [0x00AE4DCD]
	(No symbol) [0x00AE2068]
	(No symbol) [0x00AE2205]
	(No symbol) [0x00AD4FD0]
	BaseThreadInitThunk [0x767500C9+25]
	RtlGetAppContainerNamedObjectPath [0x774C7B1E+286]
	RtlGetAppContainerNamedObjectPath [0x774C7AEE+238]

2024-12-28 11:12:02,413 - INFO - Added trend: #AUSvINDIA
2024-12-28 11:12:02,423 - WARNING - Error processing trend container: Message: no such element: Unable to locate element: {"method":"xpath","selector":".//span[@dir='ltr']"}
  (Session info: chrome=131.0.6778.205); For documentation on this error, please visit: https://www.selenium.dev/documentation/webdriver/troubleshooting/errors#no-such-element-exception
Stacktrace:
	GetHandleVerifier [0x00B4EC13+23731]
	(No symbol) [0x00ADC394]
	(No symbol) [0x009BBE63]
	(No symbol) [0x009FFCE6]
	(No symbol) [0x009FFF2B]
	(No symbol) [0x009F5A81]
	(No symbol) [0x00A21EA4]
	(No symbol) [0x009F59A4]
	(No symbol) [0x00A220F4]
	(No symbol) [0x00A3B46E]
	(No symbol) [0x00A21BF6]
	(No symbol) [0x009F3F35]
	(No symbol) [0x009F4EBD]
	GetHandleVerifier [0x00E2F0D3+3039603]
	GetHandleVerifier [0x00E42DEA+3120778]
	GetHandleVerifier [0x00E3B592+3089970]
	GetHandleVerifier [0x00BE43B0+635984]
	(No symbol) [0x00AE4DCD]
	(No symbol) [0x00AE2068]
	(No symbol) [0x00AE2205]
	(No symbol) [0x00AD4FD0]
	BaseThreadInitThunk [0x767500C9+25]
	RtlGetAppContainerNamedObjectPath [0x774C7B1E+286]
	RtlGetAppContainerNamedObjectPath [0x774C7AEE+238]

2024-12-28 11:12:02,449 - INFO - Added trend: #ManmohanSinghPassesAway
2024-12-28 11:12:02,458 - WARNING - Error processing trend container: Message: no such element: Unable to locate element: {"method":"xpath","selector":".//span[@dir='ltr']"}
  (Session info: chrome=131.0.6778.205); For documentation on this error, please visit: https://www.selenium.dev/documentation/webdriver/troubleshooting/errors#no-such-element-exception
Stacktrace:
	GetHandleVerifier [0x00B4EC13+23731]
	(No symbol) [0x00ADC394]
	(No symbol) [0x009BBE63]
	(No symbol) [0x009FFCE6]
	(No symbol) [0x009FFF2B]
	(No symbol) [0x009F5A81]
	(No symbol) [0x00A21EA4]
	(No symbol) [0x009F59A4]
	(No symbol) [0x00A220F4]
	(No symbol) [0x00A3B46E]
	(No symbol) [0x00A21BF6]
	(No symbol) [0x009F3F35]
	(No symbol) [0x009F4EBD]
	GetHandleVerifier [0x00E2F0D3+3039603]
	GetHandleVerifier [0x00E42DEA+3120778]
	GetHandleVerifier [0x00E3B592+3089970]
	GetHandleVerifier [0x00BE43B0+635984]
	(No symbol) [0x00AE4DCD]
	(No symbol) [0x00AE2068]
	(No symbol) [0x00AE2205]
	(No symbol) [0x00AD4FD0]
	BaseThreadInitThunk [0x767500C9+25]
	RtlGetAppContainerNamedObjectPath [0x774C7B1E+286]
	RtlGetAppContainerNamedObjectPath [0x774C7AEE+238]

2024-12-28 11:12:02,472 - WARNING - Error processing trend container: Message: no such element: Unable to locate element: {"method":"xpath","selector":".//span[@dir='ltr']"}
  (Session info: chrome=131.0.6778.205); For documentation on this error, please visit: https://www.selenium.dev/documentation/webdriver/troubleshooting/errors#no-such-element-exception
Stacktrace:
	GetHandleVerifier [0x00B4EC13+23731]
	(No symbol) [0x00ADC394]
	(No symbol) [0x009BBE63]
	(No symbol) [0x009FFCE6]
	(No symbol) [0x009FFF2B]
	(No symbol) [0x009F5A81]
	(No symbol) [0x00A21EA4]
	(No symbol) [0x009F59A4]
	(No symbol) [0x00A220F4]
	(No symbol) [0x00A3B46E]
	(No symbol) [0x00A21BF6]
	(No symbol) [0x009F3F35]
	(No symbol) [0x009F4EBD]
	GetHandleVerifier [0x00E2F0D3+3039603]
	GetHandleVerifier [0x00E42DEA+3120778]
	GetHandleVerifier [0x00E3B592+3089970]
	GetHandleVerifier [0x00BE43B0+635984]
	(No symbol) [0x00AE4DCD]
	(No symbol) [0x00AE2068]
	(No symbol) [0x00AE2205]
	(No symbol) [0x00AD4FD0]
	BaseThreadInitThunk [0x767500C9+25]
	RtlGetAppContainerNamedObjectPath [0x774C7B1E+286]
	RtlGetAppContainerNamedObjectPath [0x774C7AEE+238]

2024-12-28 11:12:02,500 - INFO - Added trend: #PriyankaChopra
2024-12-28 11:12:02,510 - WARNING - Error processing trend container: Message: no such element: Unable to locate element: {"method":"xpath","selector":".//span[@dir='ltr']"}
  (Session info: chrome=131.0.6778.205); For documentation on this error, please visit: https://www.selenium.dev/documentation/webdriver/troubleshooting/errors#no-such-element-exception
Stacktrace:
	GetHandleVerifier [0x00B4EC13+23731]
	(No symbol) [0x00ADC394]
	(No symbol) [0x009BBE63]
	(No symbol) [0x009FFCE6]
	(No symbol) [0x009FFF2B]
	(No symbol) [0x009F5A81]
	(No symbol) [0x00A21EA4]
	(No symbol) [0x009F59A4]
	(No symbol) [0x00A220F4]
	(No symbol) [0x00A3B46E]
	(No symbol) [0x00A21BF6]
	(No symbol) [0x009F3F35]
	(No symbol) [0x009F4EBD]
	GetHandleVerifier [0x00E2F0D3+3039603]
	GetHandleVerifier [0x00E42DEA+3120778]
	GetHandleVerifier [0x00E3B592+3089970]
	GetHandleVerifier [0x00BE43B0+635984]
	(No symbol) [0x00AE4DCD]
	(No symbol) [0x00AE2068]
	(No symbol) [0x00AE2205]
	(No symbol) [0x00AD4FD0]
	BaseThreadInitThunk [0x767500C9+25]
	RtlGetAppContainerNamedObjectPath [0x774C7B1E+286]
	RtlGetAppContainerNamedObjectPath [0x774C7AEE+238]

2024-12-28 11:12:02,521 - WARNING - Error processing trend container: Message: no such element: Unable to locate element: {"method":"xpath","selector":".//span[@dir='ltr']"}
  (Session info: chrome=131.0.6778.205); For documentation on this error, please visit: https://www.selenium.dev/documentation/webdriver/troubleshooting/errors#no-such-element-exception
Stacktrace:
	GetHandleVerifier [0x00B4EC13+23731]
	(No symbol) [0x00ADC394]
	(No symbol) [0x009BBE63]
	(No symbol) [0x009FFCE6]
	(No symbol) [0x009FFF2B]
	(No symbol) [0x009F5A81]
	(No symbol) [0x00A21EA4]
	(No symbol) [0x009F59A4]
	(No symbol) [0x00A220F4]
	(No symbol) [0x00A3B46E]
	(No symbol) [0x00A21BF6]
	(No symbol) [0x009F3F35]
	(No symbol) [0x009F4EBD]
	GetHandleVerifier [0x00E2F0D3+3039603]
	GetHandleVerifier [0x00E42DEA+3120778]
	GetHandleVerifier [0x00E3B592+3089970]
	GetHandleVerifier [0x00BE43B0+635984]
	(No symbol) [0x00AE4DCD]
	(No symbol) [0x00AE2068]
	(No symbol) [0x00AE2205]
	(No symbol) [0x00AD4FD0]
	BaseThreadInitThunk [0x767500C9+25]
	RtlGetAppContainerNamedObjectPath [0x774C7B1E+286]
	RtlGetAppContainerNamedObjectPath [0x774C7AEE+238]

2024-12-28 11:12:02,564 - INFO - Added trend: Sachin Tendulkar follows
2024-12-28 11:12:03,425 - INFO - Successfully saved trending topics
2024-12-28 11:12:03,822 - INFO - Scraping completed successfully
2024-12-28 11:12:03,822 - INFO - 127.0.0.1 - - [28/Dec/2024 11:12:03] "POST /scrape HTTP/1.1" 200 -
2024-12-28 11:29:35,265 - INFO - Starting scraping process
2024-12-28 11:29:35,268 - INFO - Setting up Chrome driver with options
2024-12-28 11:29:35,269 - INFO - Chrome option: --no-sandbox
2024-12-28 11:29:35,271 - INFO - Chrome option: --disable-dev-shm-usage
2024-12-28 11:29:35,273 - INFO - Chrome option: --disable-gpu
2024-12-28 11:29:35,274 - INFO - Chrome option: --headless
2024-12-28 11:29:35,276 - INFO - Chrome option: --window-size=1920,1080
2024-12-28 11:29:35,278 - INFO - Chrome option: --start-maximized
2024-12-28 11:29:35,279 - INFO - Chrome option: --disable-blink-features=AutomationControlled
2024-12-28 11:29:35,281 - INFO - Chrome option: --disable-extensions
2024-12-28 11:29:35,283 - INFO - Chrome option: --remote-debugging-port=9222
2024-12-28 11:29:53,990 - INFO - patching driver executable C:\Users\Admin\appdata\roaming\undetected_chromedriver\undetected_chromedriver.exe
2024-12-28 11:29:55,652 - INFO - Chrome driver setup successful
2024-12-28 11:29:55,668 - INFO - Attempting Twitter login
2024-12-28 11:30:06,675 - INFO - Screenshot saved: screenshots\login_page_20241228_113006.png
2024-12-28 11:30:06,676 - INFO - Waiting for element: name=text
2024-12-28 11:30:07,694 - INFO - Element found: name=text
2024-12-28 11:30:09,929 - INFO - Waiting for element: xpath=//span[text()='Next']
2024-12-28 11:30:10,980 - INFO - Element found: xpath=//span[text()='Next']
2024-12-28 11:30:14,379 - INFO - Waiting for element: name=text
2024-12-28 11:30:15,392 - INFO - Element found: name=text
2024-12-28 11:30:15,543 - INFO - Waiting for element: xpath=//span[text()='Next']
2024-12-28 11:30:16,551 - INFO - Element found: xpath=//span[text()='Next']
2024-12-28 11:30:19,704 - INFO - Waiting for element: name=password
2024-12-28 11:30:20,716 - INFO - Element found: name=password
2024-12-28 11:30:22,916 - INFO - Waiting for element: xpath=//span[text()='Log in']
2024-12-28 11:30:23,941 - INFO - Element found: xpath=//span[text()='Log in']
2024-12-28 11:30:34,062 - INFO - Successfully logged into Twitter
2024-12-28 11:30:34,062 - INFO - Waiting for element: xpath=//a[@aria-label='Home']
2024-12-28 11:30:35,080 - INFO - Element found: xpath=//a[@aria-label='Home']
2024-12-28 11:30:35,080 - INFO - Login verification successful
2024-12-28 11:30:35,081 - INFO - Navigating to Twitter explore page
2024-12-28 11:30:41,429 - INFO - Attempting to fetch trends (retry 1/3)
2024-12-28 11:30:41,473 - INFO - Found 37 trend containers
2024-12-28 11:30:41,580 - WARNING - Error processing trend container: Message: no such element: Unable to locate element: {"method":"xpath","selector":".//span[@dir='ltr']"}
  (Session info: chrome=131.0.6778.205); For documentation on this error, please visit: https://www.selenium.dev/documentation/webdriver/troubleshooting/errors#no-such-element-exception
Stacktrace:
	GetHandleVerifier [0x006DEC13+23731]
	(No symbol) [0x0066C394]
	(No symbol) [0x0054BE63]
	(No symbol) [0x0058FCE6]
	(No symbol) [0x0058FF2B]
	(No symbol) [0x00585A81]
	(No symbol) [0x005B1EA4]
	(No symbol) [0x005859A4]
	(No symbol) [0x005B20F4]
	(No symbol) [0x005CB46E]
	(No symbol) [0x005B1BF6]
	(No symbol) [0x00583F35]
	(No symbol) [0x00584EBD]
	GetHandleVerifier [0x009BF0D3+3039603]
	GetHandleVerifier [0x009D2DEA+3120778]
	GetHandleVerifier [0x009CB592+3089970]
	GetHandleVerifier [0x007743B0+635984]
	(No symbol) [0x00674DCD]
	(No symbol) [0x00672068]
	(No symbol) [0x00672205]
	(No symbol) [0x00664FD0]
	BaseThreadInitThunk [0x767500C9+25]
	RtlGetAppContainerNamedObjectPath [0x774C7B1E+286]
	RtlGetAppContainerNamedObjectPath [0x774C7AEE+238]

2024-12-28 11:30:41,643 - WARNING - Error processing trend container: Message: no such element: Unable to locate element: {"method":"xpath","selector":".//span[@dir='ltr']"}
  (Session info: chrome=131.0.6778.205); For documentation on this error, please visit: https://www.selenium.dev/documentation/webdriver/troubleshooting/errors#no-such-element-exception
Stacktrace:
	GetHandleVerifier [0x006DEC13+23731]
	(No symbol) [0x0066C394]
	(No symbol) [0x0054BE63]
	(No symbol) [0x0058FCE6]
	(No symbol) [0x0058FF2B]
	(No symbol) [0x00585A81]
	(No symbol) [0x005B1EA4]
	(No symbol) [0x005859A4]
	(No symbol) [0x005B20F4]
	(No symbol) [0x005CB46E]
	(No symbol) [0x005B1BF6]
	(No symbol) [0x00583F35]
	(No symbol) [0x00584EBD]
	GetHandleVerifier [0x009BF0D3+3039603]
	GetHandleVerifier [0x009D2DEA+3120778]
	GetHandleVerifier [0x009CB592+3089970]
	GetHandleVerifier [0x007743B0+635984]
	(No symbol) [0x00674DCD]
	(No symbol) [0x00672068]
	(No symbol) [0x00672205]
	(No symbol) [0x00664FD0]
	BaseThreadInitThunk [0x767500C9+25]
	RtlGetAppContainerNamedObjectPath [0x774C7B1E+286]
	RtlGetAppContainerNamedObjectPath [0x774C7AEE+238]

2024-12-28 11:30:41,741 - WARNING - Error processing trend container: Message: no such element: Unable to locate element: {"method":"xpath","selector":".//span[@dir='ltr']"}
  (Session info: chrome=131.0.6778.205); For documentation on this error, please visit: https://www.selenium.dev/documentation/webdriver/troubleshooting/errors#no-such-element-exception
Stacktrace:
	GetHandleVerifier [0x006DEC13+23731]
	(No symbol) [0x0066C394]
	(No symbol) [0x0054BE63]
	(No symbol) [0x0058FCE6]
	(No symbol) [0x0058FF2B]
	(No symbol) [0x00585A81]
	(No symbol) [0x005B1EA4]
	(No symbol) [0x005859A4]
	(No symbol) [0x005B20F4]
	(No symbol) [0x005CB46E]
	(No symbol) [0x005B1BF6]
	(No symbol) [0x00583F35]
	(No symbol) [0x00584EBD]
	GetHandleVerifier [0x009BF0D3+3039603]
	GetHandleVerifier [0x009D2DEA+3120778]
	GetHandleVerifier [0x009CB592+3089970]
	GetHandleVerifier [0x007743B0+635984]
	(No symbol) [0x00674DCD]
	(No symbol) [0x00672068]
	(No symbol) [0x00672205]
	(No symbol) [0x00664FD0]
	BaseThreadInitThunk [0x767500C9+25]
	RtlGetAppContainerNamedObjectPath [0x774C7B1E+286]
	RtlGetAppContainerNamedObjectPath [0x774C7AEE+238]

2024-12-28 11:30:41,784 - WARNING - Error processing trend container: Message: no such element: Unable to locate element: {"method":"xpath","selector":".//span[@dir='ltr']"}
  (Session info: chrome=131.0.6778.205); For documentation on this error, please visit: https://www.selenium.dev/documentation/webdriver/troubleshooting/errors#no-such-element-exception
Stacktrace:
	GetHandleVerifier [0x006DEC13+23731]
	(No symbol) [0x0066C394]
	(No symbol) [0x0054BE63]
	(No symbol) [0x0058FCE6]
	(No symbol) [0x0058FF2B]
	(No symbol) [0x00585A81]
	(No symbol) [0x005B1EA4]
	(No symbol) [0x005859A4]
	(No symbol) [0x005B20F4]
	(No symbol) [0x005CB46E]
	(No symbol) [0x005B1BF6]
	(No symbol) [0x00583F35]
	(No symbol) [0x00584EBD]
	GetHandleVerifier [0x009BF0D3+3039603]
	GetHandleVerifier [0x009D2DEA+3120778]
	GetHandleVerifier [0x009CB592+3089970]
	GetHandleVerifier [0x007743B0+635984]
	(No symbol) [0x00674DCD]
	(No symbol) [0x00672068]
	(No symbol) [0x00672205]
	(No symbol) [0x00664FD0]
	BaseThreadInitThunk [0x767500C9+25]
	RtlGetAppContainerNamedObjectPath [0x774C7B1E+286]
	RtlGetAppContainerNamedObjectPath [0x774C7AEE+238]

2024-12-28 11:30:41,809 - WARNING - Error processing trend container: Message: no such element: Unable to locate element: {"method":"xpath","selector":".//span[@dir='ltr']"}
  (Session info: chrome=131.0.6778.205); For documentation on this error, please visit: https://www.selenium.dev/documentation/webdriver/troubleshooting/errors#no-such-element-exception
Stacktrace:
	GetHandleVerifier [0x006DEC13+23731]
	(No symbol) [0x0066C394]
	(No symbol) [0x0054BE63]
	(No symbol) [0x0058FCE6]
	(No symbol) [0x0058FF2B]
	(No symbol) [0x00585A81]
	(No symbol) [0x005B1EA4]
	(No symbol) [0x005859A4]
	(No symbol) [0x005B20F4]
	(No symbol) [0x005CB46E]
	(No symbol) [0x005B1BF6]
	(No symbol) [0x00583F35]
	(No symbol) [0x00584EBD]
	GetHandleVerifier [0x009BF0D3+3039603]
	GetHandleVerifier [0x009D2DEA+3120778]
	GetHandleVerifier [0x009CB592+3089970]
	GetHandleVerifier [0x007743B0+635984]
	(No symbol) [0x00674DCD]
	(No symbol) [0x00672068]
	(No symbol) [0x00672205]
	(No symbol) [0x00664FD0]
	BaseThreadInitThunk [0x767500C9+25]
	RtlGetAppContainerNamedObjectPath [0x774C7B1E+286]
	RtlGetAppContainerNamedObjectPath [0x774C7AEE+238]

2024-12-28 11:30:41,842 - WARNING - Error processing trend container: Message: no such element: Unable to locate element: {"method":"xpath","selector":".//span[@dir='ltr']"}
  (Session info: chrome=131.0.6778.205); For documentation on this error, please visit: https://www.selenium.dev/documentation/webdriver/troubleshooting/errors#no-such-element-exception
Stacktrace:
	GetHandleVerifier [0x006DEC13+23731]
	(No symbol) [0x0066C394]
	(No symbol) [0x0054BE63]
	(No symbol) [0x0058FCE6]
	(No symbol) [0x0058FF2B]
	(No symbol) [0x00585A81]
	(No symbol) [0x005B1EA4]
	(No symbol) [0x005859A4]
	(No symbol) [0x005B20F4]
	(No symbol) [0x005CB46E]
	(No symbol) [0x005B1BF6]
	(No symbol) [0x00583F35]
	(No symbol) [0x00584EBD]
	GetHandleVerifier [0x009BF0D3+3039603]
	GetHandleVerifier [0x009D2DEA+3120778]
	GetHandleVerifier [0x009CB592+3089970]
	GetHandleVerifier [0x007743B0+635984]
	(No symbol) [0x00674DCD]
	(No symbol) [0x00672068]
	(No symbol) [0x00672205]
	(No symbol) [0x00664FD0]
	BaseThreadInitThunk [0x767500C9+25]
	RtlGetAppContainerNamedObjectPath [0x774C7B1E+286]
	RtlGetAppContainerNamedObjectPath [0x774C7AEE+238]

2024-12-28 11:30:41,875 - WARNING - Error processing trend container: Message: no such element: Unable to locate element: {"method":"xpath","selector":".//span[@dir='ltr']"}
  (Session info: chrome=131.0.6778.205); For documentation on this error, please visit: https://www.selenium.dev/documentation/webdriver/troubleshooting/errors#no-such-element-exception
Stacktrace:
	GetHandleVerifier [0x006DEC13+23731]
	(No symbol) [0x0066C394]
	(No symbol) [0x0054BE63]
	(No symbol) [0x0058FCE6]
	(No symbol) [0x0058FF2B]
	(No symbol) [0x00585A81]
	(No symbol) [0x005B1EA4]
	(No symbol) [0x005859A4]
	(No symbol) [0x005B20F4]
	(No symbol) [0x005CB46E]
	(No symbol) [0x005B1BF6]
	(No symbol) [0x00583F35]
	(No symbol) [0x00584EBD]
	GetHandleVerifier [0x009BF0D3+3039603]
	GetHandleVerifier [0x009D2DEA+3120778]
	GetHandleVerifier [0x009CB592+3089970]
	GetHandleVerifier [0x007743B0+635984]
	(No symbol) [0x00674DCD]
	(No symbol) [0x00672068]
	(No symbol) [0x00672205]
	(No symbol) [0x00664FD0]
	BaseThreadInitThunk [0x767500C9+25]
	RtlGetAppContainerNamedObjectPath [0x774C7B1E+286]
	RtlGetAppContainerNamedObjectPath [0x774C7AEE+238]

2024-12-28 11:30:42,304 - INFO - Added trend: #PriyankaChopra
2024-12-28 11:30:42,320 - WARNING - Error processing trend container: Message: no such element: Unable to locate element: {"method":"xpath","selector":".//span[@dir='ltr']"}
  (Session info: chrome=131.0.6778.205); For documentation on this error, please visit: https://www.selenium.dev/documentation/webdriver/troubleshooting/errors#no-such-element-exception
Stacktrace:
	GetHandleVerifier [0x006DEC13+23731]
	(No symbol) [0x0066C394]
	(No symbol) [0x0054BE63]
	(No symbol) [0x0058FCE6]
	(No symbol) [0x0058FF2B]
	(No symbol) [0x00585A81]
	(No symbol) [0x005B1EA4]
	(No symbol) [0x005859A4]
	(No symbol) [0x005B20F4]
	(No symbol) [0x005CB46E]
	(No symbol) [0x005B1BF6]
	(No symbol) [0x00583F35]
	(No symbol) [0x00584EBD]
	GetHandleVerifier [0x009BF0D3+3039603]
	GetHandleVerifier [0x009D2DEA+3120778]
	GetHandleVerifier [0x009CB592+3089970]
	GetHandleVerifier [0x007743B0+635984]
	(No symbol) [0x00674DCD]
	(No symbol) [0x00672068]
	(No symbol) [0x00672205]
	(No symbol) [0x00664FD0]
	BaseThreadInitThunk [0x767500C9+25]
	RtlGetAppContainerNamedObjectPath [0x774C7B1E+286]
	RtlGetAppContainerNamedObjectPath [0x774C7AEE+238]

2024-12-28 11:30:42,337 - WARNING - Error processing trend container: Message: no such element: Unable to locate element: {"method":"xpath","selector":".//span[@dir='ltr']"}
  (Session info: chrome=131.0.6778.205); For documentation on this error, please visit: https://www.selenium.dev/documentation/webdriver/troubleshooting/errors#no-such-element-exception
Stacktrace:
	GetHandleVerifier [0x006DEC13+23731]
	(No symbol) [0x0066C394]
	(No symbol) [0x0054BE63]
	(No symbol) [0x0058FCE6]
	(No symbol) [0x0058FF2B]
	(No symbol) [0x00585A81]
	(No symbol) [0x005B1EA4]
	(No symbol) [0x005859A4]
	(No symbol) [0x005B20F4]
	(No symbol) [0x005CB46E]
	(No symbol) [0x005B1BF6]
	(No symbol) [0x00583F35]
	(No symbol) [0x00584EBD]
	GetHandleVerifier [0x009BF0D3+3039603]
	GetHandleVerifier [0x009D2DEA+3120778]
	GetHandleVerifier [0x009CB592+3089970]
	GetHandleVerifier [0x007743B0+635984]
	(No symbol) [0x00674DCD]
	(No symbol) [0x00672068]
	(No symbol) [0x00672205]
	(No symbol) [0x00664FD0]
	BaseThreadInitThunk [0x767500C9+25]
	RtlGetAppContainerNamedObjectPath [0x774C7B1E+286]
	RtlGetAppContainerNamedObjectPath [0x774C7AEE+238]

2024-12-28 11:30:42,357 - WARNING - Error processing trend container: Message: no such element: Unable to locate element: {"method":"xpath","selector":".//span[@dir='ltr']"}
  (Session info: chrome=131.0.6778.205); For documentation on this error, please visit: https://www.selenium.dev/documentation/webdriver/troubleshooting/errors#no-such-element-exception
Stacktrace:
	GetHandleVerifier [0x006DEC13+23731]
	(No symbol) [0x0066C394]
	(No symbol) [0x0054BE63]
	(No symbol) [0x0058FCE6]
	(No symbol) [0x0058FF2B]
	(No symbol) [0x00585A81]
	(No symbol) [0x005B1EA4]
	(No symbol) [0x005859A4]
	(No symbol) [0x005B20F4]
	(No symbol) [0x005CB46E]
	(No symbol) [0x005B1BF6]
	(No symbol) [0x00583F35]
	(No symbol) [0x00584EBD]
	GetHandleVerifier [0x009BF0D3+3039603]
	GetHandleVerifier [0x009D2DEA+3120778]
	GetHandleVerifier [0x009CB592+3089970]
	GetHandleVerifier [0x007743B0+635984]
	(No symbol) [0x00674DCD]
	(No symbol) [0x00672068]
	(No symbol) [0x00672205]
	(No symbol) [0x00664FD0]
	BaseThreadInitThunk [0x767500C9+25]
	RtlGetAppContainerNamedObjectPath [0x774C7B1E+286]
	RtlGetAppContainerNamedObjectPath [0x774C7AEE+238]

2024-12-28 11:30:42,373 - WARNING - Error processing trend container: Message: no such element: Unable to locate element: {"method":"xpath","selector":".//span[@dir='ltr']"}
  (Session info: chrome=131.0.6778.205); For documentation on this error, please visit: https://www.selenium.dev/documentation/webdriver/troubleshooting/errors#no-such-element-exception
Stacktrace:
	GetHandleVerifier [0x006DEC13+23731]
	(No symbol) [0x0066C394]
	(No symbol) [0x0054BE63]
	(No symbol) [0x0058FCE6]
	(No symbol) [0x0058FF2B]
	(No symbol) [0x00585A81]
	(No symbol) [0x005B1EA4]
	(No symbol) [0x005859A4]
	(No symbol) [0x005B20F4]
	(No symbol) [0x005CB46E]
	(No symbol) [0x005B1BF6]
	(No symbol) [0x00583F35]
	(No symbol) [0x00584EBD]
	GetHandleVerifier [0x009BF0D3+3039603]
	GetHandleVerifier [0x009D2DEA+3120778]
	GetHandleVerifier [0x009CB592+3089970]
	GetHandleVerifier [0x007743B0+635984]
	(No symbol) [0x00674DCD]
	(No symbol) [0x00672068]
	(No symbol) [0x00672205]
	(No symbol) [0x00664FD0]
	BaseThreadInitThunk [0x767500C9+25]
	RtlGetAppContainerNamedObjectPath [0x774C7B1E+286]
	RtlGetAppContainerNamedObjectPath [0x774C7AEE+238]

2024-12-28 11:30:42,398 - WARNING - Error processing trend container: Message: no such element: Unable to locate element: {"method":"xpath","selector":".//span[@dir='ltr']"}
  (Session info: chrome=131.0.6778.205); For documentation on this error, please visit: https://www.selenium.dev/documentation/webdriver/troubleshooting/errors#no-such-element-exception
Stacktrace:
	GetHandleVerifier [0x006DEC13+23731]
	(No symbol) [0x0066C394]
	(No symbol) [0x0054BE63]
	(No symbol) [0x0058FCE6]
	(No symbol) [0x0058FF2B]
	(No symbol) [0x00585A81]
	(No symbol) [0x005B1EA4]
	(No symbol) [0x005859A4]
	(No symbol) [0x005B20F4]
	(No symbol) [0x005CB46E]
	(No symbol) [0x005B1BF6]
	(No symbol) [0x00583F35]
	(No symbol) [0x00584EBD]
	GetHandleVerifier [0x009BF0D3+3039603]
	GetHandleVerifier [0x009D2DEA+3120778]
	GetHandleVerifier [0x009CB592+3089970]
	GetHandleVerifier [0x007743B0+635984]
	(No symbol) [0x00674DCD]
	(No symbol) [0x00672068]
	(No symbol) [0x00672205]
	(No symbol) [0x00664FD0]
	BaseThreadInitThunk [0x767500C9+25]
	RtlGetAppContainerNamedObjectPath [0x774C7B1E+286]
	RtlGetAppContainerNamedObjectPath [0x774C7AEE+238]

2024-12-28 11:30:42,428 - WARNING - Error processing trend container: Message: no such element: Unable to locate element: {"method":"xpath","selector":".//span[@dir='ltr']"}
  (Session info: chrome=131.0.6778.205); For documentation on this error, please visit: https://www.selenium.dev/documentation/webdriver/troubleshooting/errors#no-such-element-exception
Stacktrace:
	GetHandleVerifier [0x006DEC13+23731]
	(No symbol) [0x0066C394]
	(No symbol) [0x0054BE63]
	(No symbol) [0x0058FCE6]
	(No symbol) [0x0058FF2B]
	(No symbol) [0x00585A81]
	(No symbol) [0x005B1EA4]
	(No symbol) [0x005859A4]
	(No symbol) [0x005B20F4]
	(No symbol) [0x005CB46E]
	(No symbol) [0x005B1BF6]
	(No symbol) [0x00583F35]
	(No symbol) [0x00584EBD]
	GetHandleVerifier [0x009BF0D3+3039603]
	GetHandleVerifier [0x009D2DEA+3120778]
	GetHandleVerifier [0x009CB592+3089970]
	GetHandleVerifier [0x007743B0+635984]
	(No symbol) [0x00674DCD]
	(No symbol) [0x00672068]
	(No symbol) [0x00672205]
	(No symbol) [0x00664FD0]
	BaseThreadInitThunk [0x767500C9+25]
	RtlGetAppContainerNamedObjectPath [0x774C7B1E+286]
	RtlGetAppContainerNamedObjectPath [0x774C7AEE+238]

2024-12-28 11:30:42,654 - INFO - Added trend: Sachin Tendulkar follows
2024-12-28 11:30:42,675 - WARNING - Error processing trend container: Message: no such element: Unable to locate element: {"method":"xpath","selector":".//span[@dir='ltr']"}
  (Session info: chrome=131.0.6778.205); For documentation on this error, please visit: https://www.selenium.dev/documentation/webdriver/troubleshooting/errors#no-such-element-exception
Stacktrace:
	GetHandleVerifier [0x006DEC13+23731]
	(No symbol) [0x0066C394]
	(No symbol) [0x0054BE63]
	(No symbol) [0x0058FCE6]
	(No symbol) [0x0058FF2B]
	(No symbol) [0x00585A81]
	(No symbol) [0x005B1EA4]
	(No symbol) [0x005859A4]
	(No symbol) [0x005B20F4]
	(No symbol) [0x005CB46E]
	(No symbol) [0x005B1BF6]
	(No symbol) [0x00583F35]
	(No symbol) [0x00584EBD]
	GetHandleVerifier [0x009BF0D3+3039603]
	GetHandleVerifier [0x009D2DEA+3120778]
	GetHandleVerifier [0x009CB592+3089970]
	GetHandleVerifier [0x007743B0+635984]
	(No symbol) [0x00674DCD]
	(No symbol) [0x00672068]
	(No symbol) [0x00672205]
	(No symbol) [0x00664FD0]
	BaseThreadInitThunk [0x767500C9+25]
	RtlGetAppContainerNamedObjectPath [0x774C7B1E+286]
	RtlGetAppContainerNamedObjectPath [0x774C7AEE+238]

2024-12-28 11:30:42,701 - WARNING - Error processing trend container: Message: no such element: Unable to locate element: {"method":"xpath","selector":".//span[@dir='ltr']"}
  (Session info: chrome=131.0.6778.205); For documentation on this error, please visit: https://www.selenium.dev/documentation/webdriver/troubleshooting/errors#no-such-element-exception
Stacktrace:
	GetHandleVerifier [0x006DEC13+23731]
	(No symbol) [0x0066C394]
	(No symbol) [0x0054BE63]
	(No symbol) [0x0058FCE6]
	(No symbol) [0x0058FF2B]
	(No symbol) [0x00585A81]
	(No symbol) [0x005B1EA4]
	(No symbol) [0x005859A4]
	(No symbol) [0x005B20F4]
	(No symbol) [0x005CB46E]
	(No symbol) [0x005B1BF6]
	(No symbol) [0x00583F35]
	(No symbol) [0x00584EBD]
	GetHandleVerifier [0x009BF0D3+3039603]
	GetHandleVerifier [0x009D2DEA+3120778]
	GetHandleVerifier [0x009CB592+3089970]
	GetHandleVerifier [0x007743B0+635984]
	(No symbol) [0x00674DCD]
	(No symbol) [0x00672068]
	(No symbol) [0x00672205]
	(No symbol) [0x00664FD0]
	BaseThreadInitThunk [0x767500C9+25]
	RtlGetAppContainerNamedObjectPath [0x774C7B1E+286]
	RtlGetAppContainerNamedObjectPath [0x774C7AEE+238]

2024-12-28 11:30:42,761 - WARNING - Error processing trend container: Message: no such element: Unable to locate element: {"method":"xpath","selector":".//span[@dir='ltr']"}
  (Session info: chrome=131.0.6778.205); For documentation on this error, please visit: https://www.selenium.dev/documentation/webdriver/troubleshooting/errors#no-such-element-exception
Stacktrace:
	GetHandleVerifier [0x006DEC13+23731]
	(No symbol) [0x0066C394]
	(No symbol) [0x0054BE63]
	(No symbol) [0x0058FCE6]
	(No symbol) [0x0058FF2B]
	(No symbol) [0x00585A81]
	(No symbol) [0x005B1EA4]
	(No symbol) [0x005859A4]
	(No symbol) [0x005B20F4]
	(No symbol) [0x005CB46E]
	(No symbol) [0x005B1BF6]
	(No symbol) [0x00583F35]
	(No symbol) [0x00584EBD]
	GetHandleVerifier [0x009BF0D3+3039603]
	GetHandleVerifier [0x009D2DEA+3120778]
	GetHandleVerifier [0x009CB592+3089970]
	GetHandleVerifier [0x007743B0+635984]
	(No symbol) [0x00674DCD]
	(No symbol) [0x00672068]
	(No symbol) [0x00672205]
	(No symbol) [0x00664FD0]
	BaseThreadInitThunk [0x767500C9+25]
	RtlGetAppContainerNamedObjectPath [0x774C7B1E+286]
	RtlGetAppContainerNamedObjectPath [0x774C7AEE+238]

2024-12-28 11:30:42,786 - WARNING - Error processing trend container: Message: no such element: Unable to locate element: {"method":"xpath","selector":".//span[@dir='ltr']"}
  (Session info: chrome=131.0.6778.205); For documentation on this error, please visit: https://www.selenium.dev/documentation/webdriver/troubleshooting/errors#no-such-element-exception
Stacktrace:
	GetHandleVerifier [0x006DEC13+23731]
	(No symbol) [0x0066C394]
	(No symbol) [0x0054BE63]
	(No symbol) [0x0058FCE6]
	(No symbol) [0x0058FF2B]
	(No symbol) [0x00585A81]
	(No symbol) [0x005B1EA4]
	(No symbol) [0x005859A4]
	(No symbol) [0x005B20F4]
	(No symbol) [0x005CB46E]
	(No symbol) [0x005B1BF6]
	(No symbol) [0x00583F35]
	(No symbol) [0x00584EBD]
	GetHandleVerifier [0x009BF0D3+3039603]
	GetHandleVerifier [0x009D2DEA+3120778]
	GetHandleVerifier [0x009CB592+3089970]
	GetHandleVerifier [0x007743B0+635984]
	(No symbol) [0x00674DCD]
	(No symbol) [0x00672068]
	(No symbol) [0x00672205]
	(No symbol) [0x00664FD0]
	BaseThreadInitThunk [0x767500C9+25]
	RtlGetAppContainerNamedObjectPath [0x774C7B1E+286]
	RtlGetAppContainerNamedObjectPath [0x774C7AEE+238]

2024-12-28 11:30:42,872 - INFO - Added trend: $QQQE
2024-12-28 11:30:42,890 - WARNING - Error processing trend container: Message: no such element: Unable to locate element: {"method":"xpath","selector":".//span[@dir='ltr']"}
  (Session info: chrome=131.0.6778.205); For documentation on this error, please visit: https://www.selenium.dev/documentation/webdriver/troubleshooting/errors#no-such-element-exception
Stacktrace:
	GetHandleVerifier [0x006DEC13+23731]
	(No symbol) [0x0066C394]
	(No symbol) [0x0054BE63]
	(No symbol) [0x0058FCE6]
	(No symbol) [0x0058FF2B]
	(No symbol) [0x00585A81]
	(No symbol) [0x005B1EA4]
	(No symbol) [0x005859A4]
	(No symbol) [0x005B20F4]
	(No symbol) [0x005CB46E]
	(No symbol) [0x005B1BF6]
	(No symbol) [0x00583F35]
	(No symbol) [0x00584EBD]
	GetHandleVerifier [0x009BF0D3+3039603]
	GetHandleVerifier [0x009D2DEA+3120778]
	GetHandleVerifier [0x009CB592+3089970]
	GetHandleVerifier [0x007743B0+635984]
	(No symbol) [0x00674DCD]
	(No symbol) [0x00672068]
	(No symbol) [0x00672205]
	(No symbol) [0x00664FD0]
	BaseThreadInitThunk [0x767500C9+25]
	RtlGetAppContainerNamedObjectPath [0x774C7B1E+286]
	RtlGetAppContainerNamedObjectPath [0x774C7AEE+238]

2024-12-28 11:30:42,911 - WARNING - Error processing trend container: Message: no such element: Unable to locate element: {"method":"xpath","selector":".//span[@dir='ltr']"}
  (Session info: chrome=131.0.6778.205); For documentation on this error, please visit: https://www.selenium.dev/documentation/webdriver/troubleshooting/errors#no-such-element-exception
Stacktrace:
	GetHandleVerifier [0x006DEC13+23731]
	(No symbol) [0x0066C394]
	(No symbol) [0x0054BE63]
	(No symbol) [0x0058FCE6]
	(No symbol) [0x0058FF2B]
	(No symbol) [0x00585A81]
	(No symbol) [0x005B1EA4]
	(No symbol) [0x005859A4]
	(No symbol) [0x005B20F4]
	(No symbol) [0x005CB46E]
	(No symbol) [0x005B1BF6]
	(No symbol) [0x00583F35]
	(No symbol) [0x00584EBD]
	GetHandleVerifier [0x009BF0D3+3039603]
	GetHandleVerifier [0x009D2DEA+3120778]
	GetHandleVerifier [0x009CB592+3089970]
	GetHandleVerifier [0x007743B0+635984]
	(No symbol) [0x00674DCD]
	(No symbol) [0x00672068]
	(No symbol) [0x00672205]
	(No symbol) [0x00664FD0]
	BaseThreadInitThunk [0x767500C9+25]
	RtlGetAppContainerNamedObjectPath [0x774C7B1E+286]
	RtlGetAppContainerNamedObjectPath [0x774C7AEE+238]

2024-12-28 11:30:42,994 - INFO - Added trend: @ArvindKejriwal
2024-12-28 11:30:43,551 - INFO - Successfully saved trending topics
2024-12-28 11:30:44,072 - INFO - Scraping completed successfully
2024-12-28 11:30:44,075 - INFO - 127.0.0.1 - - [28/Dec/2024 11:30:44] "POST /scrape HTTP/1.1" 200 -
2024-12-28 11:31:47,518 - INFO - Starting scraping process
2024-12-28 11:31:47,519 - INFO - Setting up Chrome driver with options
2024-12-28 11:31:47,519 - INFO - Chrome option: --no-sandbox
2024-12-28 11:31:47,520 - INFO - Chrome option: --disable-dev-shm-usage
2024-12-28 11:31:47,520 - INFO - Chrome option: --disable-gpu
2024-12-28 11:31:47,520 - INFO - Chrome option: --headless
2024-12-28 11:31:47,521 - INFO - Chrome option: --window-size=1920,1080
2024-12-28 11:31:47,521 - INFO - Chrome option: --start-maximized
2024-12-28 11:31:47,521 - INFO - Chrome option: --disable-blink-features=AutomationControlled
2024-12-28 11:31:47,521 - INFO - Chrome option: --disable-extensions
2024-12-28 11:31:47,522 - INFO - Chrome option: --remote-debugging-port=9222
2024-12-28 11:31:50,857 - INFO - patching driver executable C:\Users\Admin\appdata\roaming\undetected_chromedriver\undetected_chromedriver.exe
2024-12-28 11:31:51,679 - INFO - Chrome driver setup successful
2024-12-28 11:31:51,679 - INFO - Attempting Twitter login
2024-12-28 11:32:01,874 - INFO - Screenshot saved: screenshots\login_page_20241228_113201.png
2024-12-28 11:32:01,876 - INFO - Waiting for element: name=text
2024-12-28 11:32:02,906 - INFO - Element found: name=text
2024-12-28 11:32:05,242 - INFO - Waiting for element: xpath=//span[text()='Next']
2024-12-28 11:32:06,343 - INFO - Element found: xpath=//span[text()='Next']
2024-12-28 11:32:09,983 - INFO - Waiting for element: name=text
2024-12-28 11:32:15,364 - ERROR - Element not found: name=text
2024-12-28 11:32:15,660 - INFO - Screenshot saved: screenshots\element_not_found_text_20241228_113215.png
2024-12-28 11:32:15,660 - INFO - No email verification required
2024-12-28 11:32:15,661 - INFO - Waiting for element: name=password
2024-12-28 11:32:16,720 - INFO - Element found: name=password
2024-12-28 11:32:19,009 - INFO - Waiting for element: xpath=//span[text()='Log in']
2024-12-28 11:32:20,035 - INFO - Element found: xpath=//span[text()='Log in']
2024-12-28 11:32:30,261 - INFO - Successfully logged into Twitter
2024-12-28 11:32:30,263 - INFO - Waiting for element: xpath=//a[@aria-label='Home']
2024-12-28 11:32:31,294 - INFO - Element found: xpath=//a[@aria-label='Home']
2024-12-28 11:32:31,296 - INFO - Login verification successful
2024-12-28 11:32:31,305 - INFO - Navigating to Twitter explore page
2024-12-28 11:32:37,216 - INFO - Attempting to fetch trends (retry 1/3)
2024-12-28 11:32:37,234 - INFO - Found 37 trend containers
2024-12-28 11:32:37,251 - WARNING - Error processing trend container: Message: no such element: Unable to locate element: {"method":"xpath","selector":".//span[@dir='ltr']"}
  (Session info: chrome=131.0.6778.205); For documentation on this error, please visit: https://www.selenium.dev/documentation/webdriver/troubleshooting/errors#no-such-element-exception
Stacktrace:
	GetHandleVerifier [0x00E9EC13+23731]
	(No symbol) [0x00E2C394]
	(No symbol) [0x00D0BE63]
	(No symbol) [0x00D4FCE6]
	(No symbol) [0x00D4FF2B]
	(No symbol) [0x00D45A81]
	(No symbol) [0x00D71EA4]
	(No symbol) [0x00D459A4]
	(No symbol) [0x00D720F4]
	(No symbol) [0x00D8B46E]
	(No symbol) [0x00D71BF6]
	(No symbol) [0x00D43F35]
	(No symbol) [0x00D44EBD]
	GetHandleVerifier [0x0117F0D3+3039603]
	GetHandleVerifier [0x01192DEA+3120778]
	GetHandleVerifier [0x0118B592+3089970]
	GetHandleVerifier [0x00F343B0+635984]
	(No symbol) [0x00E34DCD]
	(No symbol) [0x00E32068]
	(No symbol) [0x00E32205]
	(No symbol) [0x00E24FD0]
	BaseThreadInitThunk [0x767500C9+25]
	RtlGetAppContainerNamedObjectPath [0x774C7B1E+286]
	RtlGetAppContainerNamedObjectPath [0x774C7AEE+238]

2024-12-28 11:32:37,270 - WARNING - Error processing trend container: Message: no such element: Unable to locate element: {"method":"xpath","selector":".//span[@dir='ltr']"}
  (Session info: chrome=131.0.6778.205); For documentation on this error, please visit: https://www.selenium.dev/documentation/webdriver/troubleshooting/errors#no-such-element-exception
Stacktrace:
	GetHandleVerifier [0x00E9EC13+23731]
	(No symbol) [0x00E2C394]
	(No symbol) [0x00D0BE63]
	(No symbol) [0x00D4FCE6]
	(No symbol) [0x00D4FF2B]
	(No symbol) [0x00D45A81]
	(No symbol) [0x00D71EA4]
	(No symbol) [0x00D459A4]
	(No symbol) [0x00D720F4]
	(No symbol) [0x00D8B46E]
	(No symbol) [0x00D71BF6]
	(No symbol) [0x00D43F35]
	(No symbol) [0x00D44EBD]
	GetHandleVerifier [0x0117F0D3+3039603]
	GetHandleVerifier [0x01192DEA+3120778]
	GetHandleVerifier [0x0118B592+3089970]
	GetHandleVerifier [0x00F343B0+635984]
	(No symbol) [0x00E34DCD]
	(No symbol) [0x00E32068]
	(No symbol) [0x00E32205]
	(No symbol) [0x00E24FD0]
	BaseThreadInitThunk [0x767500C9+25]
	RtlGetAppContainerNamedObjectPath [0x774C7B1E+286]
	RtlGetAppContainerNamedObjectPath [0x774C7AEE+238]

2024-12-28 11:32:37,299 - WARNING - Error processing trend container: Message: no such element: Unable to locate element: {"method":"xpath","selector":".//span[@dir='ltr']"}
  (Session info: chrome=131.0.6778.205); For documentation on this error, please visit: https://www.selenium.dev/documentation/webdriver/troubleshooting/errors#no-such-element-exception
Stacktrace:
	GetHandleVerifier [0x00E9EC13+23731]
	(No symbol) [0x00E2C394]
	(No symbol) [0x00D0BE63]
	(No symbol) [0x00D4FCE6]
	(No symbol) [0x00D4FF2B]
	(No symbol) [0x00D45A81]
	(No symbol) [0x00D71EA4]
	(No symbol) [0x00D459A4]
	(No symbol) [0x00D720F4]
	(No symbol) [0x00D8B46E]
	(No symbol) [0x00D71BF6]
	(No symbol) [0x00D43F35]
	(No symbol) [0x00D44EBD]
	GetHandleVerifier [0x0117F0D3+3039603]
	GetHandleVerifier [0x01192DEA+3120778]
	GetHandleVerifier [0x0118B592+3089970]
	GetHandleVerifier [0x00F343B0+635984]
	(No symbol) [0x00E34DCD]
	(No symbol) [0x00E32068]
	(No symbol) [0x00E32205]
	(No symbol) [0x00E24FD0]
	BaseThreadInitThunk [0x767500C9+25]
	RtlGetAppContainerNamedObjectPath [0x774C7B1E+286]
	RtlGetAppContainerNamedObjectPath [0x774C7AEE+238]

2024-12-28 11:32:37,314 - WARNING - Error processing trend container: Message: no such element: Unable to locate element: {"method":"xpath","selector":".//span[@dir='ltr']"}
  (Session info: chrome=131.0.6778.205); For documentation on this error, please visit: https://www.selenium.dev/documentation/webdriver/troubleshooting/errors#no-such-element-exception
Stacktrace:
	GetHandleVerifier [0x00E9EC13+23731]
	(No symbol) [0x00E2C394]
	(No symbol) [0x00D0BE63]
	(No symbol) [0x00D4FCE6]
	(No symbol) [0x00D4FF2B]
	(No symbol) [0x00D45A81]
	(No symbol) [0x00D71EA4]
	(No symbol) [0x00D459A4]
	(No symbol) [0x00D720F4]
	(No symbol) [0x00D8B46E]
	(No symbol) [0x00D71BF6]
	(No symbol) [0x00D43F35]
	(No symbol) [0x00D44EBD]
	GetHandleVerifier [0x0117F0D3+3039603]
	GetHandleVerifier [0x01192DEA+3120778]
	GetHandleVerifier [0x0118B592+3089970]
	GetHandleVerifier [0x00F343B0+635984]
	(No symbol) [0x00E34DCD]
	(No symbol) [0x00E32068]
	(No symbol) [0x00E32205]
	(No symbol) [0x00E24FD0]
	BaseThreadInitThunk [0x767500C9+25]
	RtlGetAppContainerNamedObjectPath [0x774C7B1E+286]
	RtlGetAppContainerNamedObjectPath [0x774C7AEE+238]

2024-12-28 11:32:37,327 - WARNING - Error processing trend container: Message: no such element: Unable to locate element: {"method":"xpath","selector":".//span[@dir='ltr']"}
  (Session info: chrome=131.0.6778.205); For documentation on this error, please visit: https://www.selenium.dev/documentation/webdriver/troubleshooting/errors#no-such-element-exception
Stacktrace:
	GetHandleVerifier [0x00E9EC13+23731]
	(No symbol) [0x00E2C394]
	(No symbol) [0x00D0BE63]
	(No symbol) [0x00D4FCE6]
	(No symbol) [0x00D4FF2B]
	(No symbol) [0x00D45A81]
	(No symbol) [0x00D71EA4]
	(No symbol) [0x00D459A4]
	(No symbol) [0x00D720F4]
	(No symbol) [0x00D8B46E]
	(No symbol) [0x00D71BF6]
	(No symbol) [0x00D43F35]
	(No symbol) [0x00D44EBD]
	GetHandleVerifier [0x0117F0D3+3039603]
	GetHandleVerifier [0x01192DEA+3120778]
	GetHandleVerifier [0x0118B592+3089970]
	GetHandleVerifier [0x00F343B0+635984]
	(No symbol) [0x00E34DCD]
	(No symbol) [0x00E32068]
	(No symbol) [0x00E32205]
	(No symbol) [0x00E24FD0]
	BaseThreadInitThunk [0x767500C9+25]
	RtlGetAppContainerNamedObjectPath [0x774C7B1E+286]
	RtlGetAppContainerNamedObjectPath [0x774C7AEE+238]

2024-12-28 11:32:37,342 - WARNING - Error processing trend container: Message: no such element: Unable to locate element: {"method":"xpath","selector":".//span[@dir='ltr']"}
  (Session info: chrome=131.0.6778.205); For documentation on this error, please visit: https://www.selenium.dev/documentation/webdriver/troubleshooting/errors#no-such-element-exception
Stacktrace:
	GetHandleVerifier [0x00E9EC13+23731]
	(No symbol) [0x00E2C394]
	(No symbol) [0x00D0BE63]
	(No symbol) [0x00D4FCE6]
	(No symbol) [0x00D4FF2B]
	(No symbol) [0x00D45A81]
	(No symbol) [0x00D71EA4]
	(No symbol) [0x00D459A4]
	(No symbol) [0x00D720F4]
	(No symbol) [0x00D8B46E]
	(No symbol) [0x00D71BF6]
	(No symbol) [0x00D43F35]
	(No symbol) [0x00D44EBD]
	GetHandleVerifier [0x0117F0D3+3039603]
	GetHandleVerifier [0x01192DEA+3120778]
	GetHandleVerifier [0x0118B592+3089970]
	GetHandleVerifier [0x00F343B0+635984]
	(No symbol) [0x00E34DCD]
	(No symbol) [0x00E32068]
	(No symbol) [0x00E32205]
	(No symbol) [0x00E24FD0]
	BaseThreadInitThunk [0x767500C9+25]
	RtlGetAppContainerNamedObjectPath [0x774C7B1E+286]
	RtlGetAppContainerNamedObjectPath [0x774C7AEE+238]

2024-12-28 11:32:37,355 - WARNING - Error processing trend container: Message: no such element: Unable to locate element: {"method":"xpath","selector":".//span[@dir='ltr']"}
  (Session info: chrome=131.0.6778.205); For documentation on this error, please visit: https://www.selenium.dev/documentation/webdriver/troubleshooting/errors#no-such-element-exception
Stacktrace:
	GetHandleVerifier [0x00E9EC13+23731]
	(No symbol) [0x00E2C394]
	(No symbol) [0x00D0BE63]
	(No symbol) [0x00D4FCE6]
	(No symbol) [0x00D4FF2B]
	(No symbol) [0x00D45A81]
	(No symbol) [0x00D71EA4]
	(No symbol) [0x00D459A4]
	(No symbol) [0x00D720F4]
	(No symbol) [0x00D8B46E]
	(No symbol) [0x00D71BF6]
	(No symbol) [0x00D43F35]
	(No symbol) [0x00D44EBD]
	GetHandleVerifier [0x0117F0D3+3039603]
	GetHandleVerifier [0x01192DEA+3120778]
	GetHandleVerifier [0x0118B592+3089970]
	GetHandleVerifier [0x00F343B0+635984]
	(No symbol) [0x00E34DCD]
	(No symbol) [0x00E32068]
	(No symbol) [0x00E32205]
	(No symbol) [0x00E24FD0]
	BaseThreadInitThunk [0x767500C9+25]
	RtlGetAppContainerNamedObjectPath [0x774C7B1E+286]
	RtlGetAppContainerNamedObjectPath [0x774C7AEE+238]

2024-12-28 11:32:37,399 - INFO - Added trend: #PriyankaChopra
2024-12-28 11:32:37,442 - WARNING - Error processing trend container: Message: no such element: Unable to locate element: {"method":"xpath","selector":".//span[@dir='ltr']"}
  (Session info: chrome=131.0.6778.205); For documentation on this error, please visit: https://www.selenium.dev/documentation/webdriver/troubleshooting/errors#no-such-element-exception
Stacktrace:
	GetHandleVerifier [0x00E9EC13+23731]
	(No symbol) [0x00E2C394]
	(No symbol) [0x00D0BE63]
	(No symbol) [0x00D4FCE6]
	(No symbol) [0x00D4FF2B]
	(No symbol) [0x00D45A81]
	(No symbol) [0x00D71EA4]
	(No symbol) [0x00D459A4]
	(No symbol) [0x00D720F4]
	(No symbol) [0x00D8B46E]
	(No symbol) [0x00D71BF6]
	(No symbol) [0x00D43F35]
	(No symbol) [0x00D44EBD]
	GetHandleVerifier [0x0117F0D3+3039603]
	GetHandleVerifier [0x01192DEA+3120778]
	GetHandleVerifier [0x0118B592+3089970]
	GetHandleVerifier [0x00F343B0+635984]
	(No symbol) [0x00E34DCD]
	(No symbol) [0x00E32068]
	(No symbol) [0x00E32205]
	(No symbol) [0x00E24FD0]
	BaseThreadInitThunk [0x767500C9+25]
	RtlGetAppContainerNamedObjectPath [0x774C7B1E+286]
	RtlGetAppContainerNamedObjectPath [0x774C7AEE+238]

2024-12-28 11:32:37,455 - WARNING - Error processing trend container: Message: no such element: Unable to locate element: {"method":"xpath","selector":".//span[@dir='ltr']"}
  (Session info: chrome=131.0.6778.205); For documentation on this error, please visit: https://www.selenium.dev/documentation/webdriver/troubleshooting/errors#no-such-element-exception
Stacktrace:
	GetHandleVerifier [0x00E9EC13+23731]
	(No symbol) [0x00E2C394]
	(No symbol) [0x00D0BE63]
	(No symbol) [0x00D4FCE6]
	(No symbol) [0x00D4FF2B]
	(No symbol) [0x00D45A81]
	(No symbol) [0x00D71EA4]
	(No symbol) [0x00D459A4]
	(No symbol) [0x00D720F4]
	(No symbol) [0x00D8B46E]
	(No symbol) [0x00D71BF6]
	(No symbol) [0x00D43F35]
	(No symbol) [0x00D44EBD]
	GetHandleVerifier [0x0117F0D3+3039603]
	GetHandleVerifier [0x01192DEA+3120778]
	GetHandleVerifier [0x0118B592+3089970]
	GetHandleVerifier [0x00F343B0+635984]
	(No symbol) [0x00E34DCD]
	(No symbol) [0x00E32068]
	(No symbol) [0x00E32205]
	(No symbol) [0x00E24FD0]
	BaseThreadInitThunk [0x767500C9+25]
	RtlGetAppContainerNamedObjectPath [0x774C7B1E+286]
	RtlGetAppContainerNamedObjectPath [0x774C7AEE+238]

2024-12-28 11:32:37,466 - WARNING - Error processing trend container: Message: no such element: Unable to locate element: {"method":"xpath","selector":".//span[@dir='ltr']"}
  (Session info: chrome=131.0.6778.205); For documentation on this error, please visit: https://www.selenium.dev/documentation/webdriver/troubleshooting/errors#no-such-element-exception
Stacktrace:
	GetHandleVerifier [0x00E9EC13+23731]
	(No symbol) [0x00E2C394]
	(No symbol) [0x00D0BE63]
	(No symbol) [0x00D4FCE6]
	(No symbol) [0x00D4FF2B]
	(No symbol) [0x00D45A81]
	(No symbol) [0x00D71EA4]
	(No symbol) [0x00D459A4]
	(No symbol) [0x00D720F4]
	(No symbol) [0x00D8B46E]
	(No symbol) [0x00D71BF6]
	(No symbol) [0x00D43F35]
	(No symbol) [0x00D44EBD]
	GetHandleVerifier [0x0117F0D3+3039603]
	GetHandleVerifier [0x01192DEA+3120778]
	GetHandleVerifier [0x0118B592+3089970]
	GetHandleVerifier [0x00F343B0+635984]
	(No symbol) [0x00E34DCD]
	(No symbol) [0x00E32068]
	(No symbol) [0x00E32205]
	(No symbol) [0x00E24FD0]
	BaseThreadInitThunk [0x767500C9+25]
	RtlGetAppContainerNamedObjectPath [0x774C7B1E+286]
	RtlGetAppContainerNamedObjectPath [0x774C7AEE+238]

2024-12-28 11:32:37,478 - WARNING - Error processing trend container: Message: no such element: Unable to locate element: {"method":"xpath","selector":".//span[@dir='ltr']"}
  (Session info: chrome=131.0.6778.205); For documentation on this error, please visit: https://www.selenium.dev/documentation/webdriver/troubleshooting/errors#no-such-element-exception
Stacktrace:
	GetHandleVerifier [0x00E9EC13+23731]
	(No symbol) [0x00E2C394]
	(No symbol) [0x00D0BE63]
	(No symbol) [0x00D4FCE6]
	(No symbol) [0x00D4FF2B]
	(No symbol) [0x00D45A81]
	(No symbol) [0x00D71EA4]
	(No symbol) [0x00D459A4]
	(No symbol) [0x00D720F4]
	(No symbol) [0x00D8B46E]
	(No symbol) [0x00D71BF6]
	(No symbol) [0x00D43F35]
	(No symbol) [0x00D44EBD]
	GetHandleVerifier [0x0117F0D3+3039603]
	GetHandleVerifier [0x01192DEA+3120778]
	GetHandleVerifier [0x0118B592+3089970]
	GetHandleVerifier [0x00F343B0+635984]
	(No symbol) [0x00E34DCD]
	(No symbol) [0x00E32068]
	(No symbol) [0x00E32205]
	(No symbol) [0x00E24FD0]
	BaseThreadInitThunk [0x767500C9+25]
	RtlGetAppContainerNamedObjectPath [0x774C7B1E+286]
	RtlGetAppContainerNamedObjectPath [0x774C7AEE+238]

2024-12-28 11:32:37,492 - WARNING - Error processing trend container: Message: no such element: Unable to locate element: {"method":"xpath","selector":".//span[@dir='ltr']"}
  (Session info: chrome=131.0.6778.205); For documentation on this error, please visit: https://www.selenium.dev/documentation/webdriver/troubleshooting/errors#no-such-element-exception
Stacktrace:
	GetHandleVerifier [0x00E9EC13+23731]
	(No symbol) [0x00E2C394]
	(No symbol) [0x00D0BE63]
	(No symbol) [0x00D4FCE6]
	(No symbol) [0x00D4FF2B]
	(No symbol) [0x00D45A81]
	(No symbol) [0x00D71EA4]
	(No symbol) [0x00D459A4]
	(No symbol) [0x00D720F4]
	(No symbol) [0x00D8B46E]
	(No symbol) [0x00D71BF6]
	(No symbol) [0x00D43F35]
	(No symbol) [0x00D44EBD]
	GetHandleVerifier [0x0117F0D3+3039603]
	GetHandleVerifier [0x01192DEA+3120778]
	GetHandleVerifier [0x0118B592+3089970]
	GetHandleVerifier [0x00F343B0+635984]
	(No symbol) [0x00E34DCD]
	(No symbol) [0x00E32068]
	(No symbol) [0x00E32205]
	(No symbol) [0x00E24FD0]
	BaseThreadInitThunk [0x767500C9+25]
	RtlGetAppContainerNamedObjectPath [0x774C7B1E+286]
	RtlGetAppContainerNamedObjectPath [0x774C7AEE+238]

2024-12-28 11:32:37,530 - INFO - Added trend: Sachin Tendulkar follows
2024-12-28 11:32:37,538 - WARNING - Error processing trend container: Message: no such element: Unable to locate element: {"method":"xpath","selector":".//span[@dir='ltr']"}
  (Session info: chrome=131.0.6778.205); For documentation on this error, please visit: https://www.selenium.dev/documentation/webdriver/troubleshooting/errors#no-such-element-exception
Stacktrace:
	GetHandleVerifier [0x00E9EC13+23731]
	(No symbol) [0x00E2C394]
	(No symbol) [0x00D0BE63]
	(No symbol) [0x00D4FCE6]
	(No symbol) [0x00D4FF2B]
	(No symbol) [0x00D45A81]
	(No symbol) [0x00D71EA4]
	(No symbol) [0x00D459A4]
	(No symbol) [0x00D720F4]
	(No symbol) [0x00D8B46E]
	(No symbol) [0x00D71BF6]
	(No symbol) [0x00D43F35]
	(No symbol) [0x00D44EBD]
	GetHandleVerifier [0x0117F0D3+3039603]
	GetHandleVerifier [0x01192DEA+3120778]
	GetHandleVerifier [0x0118B592+3089970]
	GetHandleVerifier [0x00F343B0+635984]
	(No symbol) [0x00E34DCD]
	(No symbol) [0x00E32068]
	(No symbol) [0x00E32205]
	(No symbol) [0x00E24FD0]
	BaseThreadInitThunk [0x767500C9+25]
	RtlGetAppContainerNamedObjectPath [0x774C7B1E+286]
	RtlGetAppContainerNamedObjectPath [0x774C7AEE+238]

2024-12-28 11:32:37,587 - WARNING - Error processing trend container: Message: no such element: Unable to locate element: {"method":"xpath","selector":".//span[@dir='ltr']"}
  (Session info: chrome=131.0.6778.205); For documentation on this error, please visit: https://www.selenium.dev/documentation/webdriver/troubleshooting/errors#no-such-element-exception
Stacktrace:
	GetHandleVerifier [0x00E9EC13+23731]
	(No symbol) [0x00E2C394]
	(No symbol) [0x00D0BE63]
	(No symbol) [0x00D4FCE6]
	(No symbol) [0x00D4FF2B]
	(No symbol) [0x00D45A81]
	(No symbol) [0x00D71EA4]
	(No symbol) [0x00D459A4]
	(No symbol) [0x00D720F4]
	(No symbol) [0x00D8B46E]
	(No symbol) [0x00D71BF6]
	(No symbol) [0x00D43F35]
	(No symbol) [0x00D44EBD]
	GetHandleVerifier [0x0117F0D3+3039603]
	GetHandleVerifier [0x01192DEA+3120778]
	GetHandleVerifier [0x0118B592+3089970]
	GetHandleVerifier [0x00F343B0+635984]
	(No symbol) [0x00E34DCD]
	(No symbol) [0x00E32068]
	(No symbol) [0x00E32205]
	(No symbol) [0x00E24FD0]
	BaseThreadInitThunk [0x767500C9+25]
	RtlGetAppContainerNamedObjectPath [0x774C7B1E+286]
	RtlGetAppContainerNamedObjectPath [0x774C7AEE+238]

2024-12-28 11:32:37,598 - WARNING - Error processing trend container: Message: no such element: Unable to locate element: {"method":"xpath","selector":".//span[@dir='ltr']"}
  (Session info: chrome=131.0.6778.205); For documentation on this error, please visit: https://www.selenium.dev/documentation/webdriver/troubleshooting/errors#no-such-element-exception
Stacktrace:
	GetHandleVerifier [0x00E9EC13+23731]
	(No symbol) [0x00E2C394]
	(No symbol) [0x00D0BE63]
	(No symbol) [0x00D4FCE6]
	(No symbol) [0x00D4FF2B]
	(No symbol) [0x00D45A81]
	(No symbol) [0x00D71EA4]
	(No symbol) [0x00D459A4]
	(No symbol) [0x00D720F4]
	(No symbol) [0x00D8B46E]
	(No symbol) [0x00D71BF6]
	(No symbol) [0x00D43F35]
	(No symbol) [0x00D44EBD]
	GetHandleVerifier [0x0117F0D3+3039603]
	GetHandleVerifier [0x01192DEA+3120778]
	GetHandleVerifier [0x0118B592+3089970]
	GetHandleVerifier [0x00F343B0+635984]
	(No symbol) [0x00E34DCD]
	(No symbol) [0x00E32068]
	(No symbol) [0x00E32205]
	(No symbol) [0x00E24FD0]
	BaseThreadInitThunk [0x767500C9+25]
	RtlGetAppContainerNamedObjectPath [0x774C7B1E+286]
	RtlGetAppContainerNamedObjectPath [0x774C7AEE+238]

2024-12-28 11:32:37,609 - WARNING - Error processing trend container: Message: no such element: Unable to locate element: {"method":"xpath","selector":".//span[@dir='ltr']"}
  (Session info: chrome=131.0.6778.205); For documentation on this error, please visit: https://www.selenium.dev/documentation/webdriver/troubleshooting/errors#no-such-element-exception
Stacktrace:
	GetHandleVerifier [0x00E9EC13+23731]
	(No symbol) [0x00E2C394]
	(No symbol) [0x00D0BE63]
	(No symbol) [0x00D4FCE6]
	(No symbol) [0x00D4FF2B]
	(No symbol) [0x00D45A81]
	(No symbol) [0x00D71EA4]
	(No symbol) [0x00D459A4]
	(No symbol) [0x00D720F4]
	(No symbol) [0x00D8B46E]
	(No symbol) [0x00D71BF6]
	(No symbol) [0x00D43F35]
	(No symbol) [0x00D44EBD]
	GetHandleVerifier [0x0117F0D3+3039603]
	GetHandleVerifier [0x01192DEA+3120778]
	GetHandleVerifier [0x0118B592+3089970]
	GetHandleVerifier [0x00F343B0+635984]
	(No symbol) [0x00E34DCD]
	(No symbol) [0x00E32068]
	(No symbol) [0x00E32205]
	(No symbol) [0x00E24FD0]
	BaseThreadInitThunk [0x767500C9+25]
	RtlGetAppContainerNamedObjectPath [0x774C7B1E+286]
	RtlGetAppContainerNamedObjectPath [0x774C7AEE+238]

2024-12-28 11:32:37,650 - INFO - Added trend: $QQQE
2024-12-28 11:32:37,660 - WARNING - Error processing trend container: Message: no such element: Unable to locate element: {"method":"xpath","selector":".//span[@dir='ltr']"}
  (Session info: chrome=131.0.6778.205); For documentation on this error, please visit: https://www.selenium.dev/documentation/webdriver/troubleshooting/errors#no-such-element-exception
Stacktrace:
	GetHandleVerifier [0x00E9EC13+23731]
	(No symbol) [0x00E2C394]
	(No symbol) [0x00D0BE63]
	(No symbol) [0x00D4FCE6]
	(No symbol) [0x00D4FF2B]
	(No symbol) [0x00D45A81]
	(No symbol) [0x00D71EA4]
	(No symbol) [0x00D459A4]
	(No symbol) [0x00D720F4]
	(No symbol) [0x00D8B46E]
	(No symbol) [0x00D71BF6]
	(No symbol) [0x00D43F35]
	(No symbol) [0x00D44EBD]
	GetHandleVerifier [0x0117F0D3+3039603]
	GetHandleVerifier [0x01192DEA+3120778]
	GetHandleVerifier [0x0118B592+3089970]
	GetHandleVerifier [0x00F343B0+635984]
	(No symbol) [0x00E34DCD]
	(No symbol) [0x00E32068]
	(No symbol) [0x00E32205]
	(No symbol) [0x00E24FD0]
	BaseThreadInitThunk [0x767500C9+25]
	RtlGetAppContainerNamedObjectPath [0x774C7B1E+286]
	RtlGetAppContainerNamedObjectPath [0x774C7AEE+238]

2024-12-28 11:32:37,672 - WARNING - Error processing trend container: Message: no such element: Unable to locate element: {"method":"xpath","selector":".//span[@dir='ltr']"}
  (Session info: chrome=131.0.6778.205); For documentation on this error, please visit: https://www.selenium.dev/documentation/webdriver/troubleshooting/errors#no-such-element-exception
Stacktrace:
	GetHandleVerifier [0x00E9EC13+23731]
	(No symbol) [0x00E2C394]
	(No symbol) [0x00D0BE63]
	(No symbol) [0x00D4FCE6]
	(No symbol) [0x00D4FF2B]
	(No symbol) [0x00D45A81]
	(No symbol) [0x00D71EA4]
	(No symbol) [0x00D459A4]
	(No symbol) [0x00D720F4]
	(No symbol) [0x00D8B46E]
	(No symbol) [0x00D71BF6]
	(No symbol) [0x00D43F35]
	(No symbol) [0x00D44EBD]
	GetHandleVerifier [0x0117F0D3+3039603]
	GetHandleVerifier [0x01192DEA+3120778]
	GetHandleVerifier [0x0118B592+3089970]
	GetHandleVerifier [0x00F343B0+635984]
	(No symbol) [0x00E34DCD]
	(No symbol) [0x00E32068]
	(No symbol) [0x00E32205]
	(No symbol) [0x00E24FD0]
	BaseThreadInitThunk [0x767500C9+25]
	RtlGetAppContainerNamedObjectPath [0x774C7B1E+286]
	RtlGetAppContainerNamedObjectPath [0x774C7AEE+238]

2024-12-28 11:32:37,683 - WARNING - Error processing trend container: Message: no such element: Unable to locate element: {"method":"xpath","selector":".//span[@dir='ltr']"}
  (Session info: chrome=131.0.6778.205); For documentation on this error, please visit: https://www.selenium.dev/documentation/webdriver/troubleshooting/errors#no-such-element-exception
Stacktrace:
	GetHandleVerifier [0x00E9EC13+23731]
	(No symbol) [0x00E2C394]
	(No symbol) [0x00D0BE63]
	(No symbol) [0x00D4FCE6]
	(No symbol) [0x00D4FF2B]
	(No symbol) [0x00D45A81]
	(No symbol) [0x00D71EA4]
	(No symbol) [0x00D459A4]
	(No symbol) [0x00D720F4]
	(No symbol) [0x00D8B46E]
	(No symbol) [0x00D71BF6]
	(No symbol) [0x00D43F35]
	(No symbol) [0x00D44EBD]
	GetHandleVerifier [0x0117F0D3+3039603]
	GetHandleVerifier [0x01192DEA+3120778]
	GetHandleVerifier [0x0118B592+3089970]
	GetHandleVerifier [0x00F343B0+635984]
	(No symbol) [0x00E34DCD]
	(No symbol) [0x00E32068]
	(No symbol) [0x00E32205]
	(No symbol) [0x00E24FD0]
	BaseThreadInitThunk [0x767500C9+25]
	RtlGetAppContainerNamedObjectPath [0x774C7B1E+286]
	RtlGetAppContainerNamedObjectPath [0x774C7AEE+238]

2024-12-28 11:32:37,694 - WARNING - Error processing trend container: Message: no such element: Unable to locate element: {"method":"xpath","selector":".//span[@dir='ltr']"}
  (Session info: chrome=131.0.6778.205); For documentation on this error, please visit: https://www.selenium.dev/documentation/webdriver/troubleshooting/errors#no-such-element-exception
Stacktrace:
	GetHandleVerifier [0x00E9EC13+23731]
	(No symbol) [0x00E2C394]
	(No symbol) [0x00D0BE63]
	(No symbol) [0x00D4FCE6]
	(No symbol) [0x00D4FF2B]
	(No symbol) [0x00D45A81]
	(No symbol) [0x00D71EA4]
	(No symbol) [0x00D459A4]
	(No symbol) [0x00D720F4]
	(No symbol) [0x00D8B46E]
	(No symbol) [0x00D71BF6]
	(No symbol) [0x00D43F35]
	(No symbol) [0x00D44EBD]
	GetHandleVerifier [0x0117F0D3+3039603]
	GetHandleVerifier [0x01192DEA+3120778]
	GetHandleVerifier [0x0118B592+3089970]
	GetHandleVerifier [0x00F343B0+635984]
	(No symbol) [0x00E34DCD]
	(No symbol) [0x00E32068]
	(No symbol) [0x00E32205]
	(No symbol) [0x00E24FD0]
	BaseThreadInitThunk [0x767500C9+25]
	RtlGetAppContainerNamedObjectPath [0x774C7B1E+286]
	RtlGetAppContainerNamedObjectPath [0x774C7AEE+238]

2024-12-28 11:32:37,707 - WARNING - Error processing trend container: Message: no such element: Unable to locate element: {"method":"xpath","selector":".//span[@dir='ltr']"}
  (Session info: chrome=131.0.6778.205); For documentation on this error, please visit: https://www.selenium.dev/documentation/webdriver/troubleshooting/errors#no-such-element-exception
Stacktrace:
	GetHandleVerifier [0x00E9EC13+23731]
	(No symbol) [0x00E2C394]
	(No symbol) [0x00D0BE63]
	(No symbol) [0x00D4FCE6]
	(No symbol) [0x00D4FF2B]
	(No symbol) [0x00D45A81]
	(No symbol) [0x00D71EA4]
	(No symbol) [0x00D459A4]
	(No symbol) [0x00D720F4]
	(No symbol) [0x00D8B46E]
	(No symbol) [0x00D71BF6]
	(No symbol) [0x00D43F35]
	(No symbol) [0x00D44EBD]
	GetHandleVerifier [0x0117F0D3+3039603]
	GetHandleVerifier [0x01192DEA+3120778]
	GetHandleVerifier [0x0118B592+3089970]
	GetHandleVerifier [0x00F343B0+635984]
	(No symbol) [0x00E34DCD]
	(No symbol) [0x00E32068]
	(No symbol) [0x00E32205]
	(No symbol) [0x00E24FD0]
	BaseThreadInitThunk [0x767500C9+25]
	RtlGetAppContainerNamedObjectPath [0x774C7B1E+286]
	RtlGetAppContainerNamedObjectPath [0x774C7AEE+238]

2024-12-28 11:32:37,824 - INFO - Added trend: https://medicalnewstoday.com/articles/some-acid-reflux-medication-may-increase-dementia-risk
2024-12-28 11:32:38,406 - INFO - Successfully saved trending topics
2024-12-28 11:32:38,745 - INFO - Scraping completed successfully
2024-12-28 11:32:38,745 - INFO - 127.0.0.1 - - [28/Dec/2024 11:32:38] "POST /scrape HTTP/1.1" 200 -
2024-12-28 11:32:56,801 - INFO - Starting scraping process
2024-12-28 11:32:56,808 - INFO - Setting up Chrome driver with options
2024-12-28 11:32:56,809 - INFO - Chrome option: --no-sandbox
2024-12-28 11:32:56,812 - INFO - Chrome option: --disable-dev-shm-usage
2024-12-28 11:32:56,813 - INFO - Chrome option: --disable-gpu
2024-12-28 11:32:56,815 - INFO - Chrome option: --headless
2024-12-28 11:32:56,816 - INFO - Chrome option: --window-size=1920,1080
2024-12-28 11:32:56,818 - INFO - Chrome option: --start-maximized
2024-12-28 11:32:56,822 - INFO - Chrome option: --disable-blink-features=AutomationControlled
2024-12-28 11:32:56,824 - INFO - Chrome option: --disable-extensions
2024-12-28 11:32:56,826 - INFO - Chrome option: --remote-debugging-port=9222
2024-12-28 11:32:59,807 - INFO - patching driver executable C:\Users\Admin\appdata\roaming\undetected_chromedriver\undetected_chromedriver.exe
2024-12-28 11:33:01,105 - INFO - Chrome driver setup successful
2024-12-28 11:33:01,106 - INFO - Attempting Twitter login
2024-12-28 11:33:11,894 - INFO - Screenshot saved: screenshots\login_page_20241228_113311.png
2024-12-28 11:33:11,895 - INFO - Waiting for element: name=text
2024-12-28 11:33:12,921 - INFO - Element found: name=text
2024-12-28 11:33:15,256 - INFO - Waiting for element: xpath=//span[text()='Next']
2024-12-28 11:33:16,271 - INFO - Element found: xpath=//span[text()='Next']
2024-12-28 11:33:19,943 - INFO - Waiting for element: name=text
2024-12-28 11:33:25,289 - ERROR - Element not found: name=text
2024-12-28 11:33:25,502 - INFO - Screenshot saved: screenshots\element_not_found_text_20241228_113325.png
2024-12-28 11:33:25,504 - INFO - No email verification required
2024-12-28 11:33:25,504 - INFO - Waiting for element: name=password
2024-12-28 11:33:26,523 - INFO - Element found: name=password
2024-12-28 11:33:28,798 - INFO - Waiting for element: xpath=//span[text()='Log in']
2024-12-28 11:33:29,826 - INFO - Element found: xpath=//span[text()='Log in']
2024-12-28 11:33:40,009 - INFO - Successfully logged into Twitter
2024-12-28 11:33:40,017 - INFO - Waiting for element: xpath=//a[@aria-label='Home']
2024-12-28 11:33:41,112 - INFO - Element found: xpath=//a[@aria-label='Home']
2024-12-28 11:33:41,113 - INFO - Login verification successful
2024-12-28 11:33:41,114 - INFO - Navigating to Twitter explore page
2024-12-28 11:33:47,771 - INFO - Attempting to fetch trends (retry 1/3)
2024-12-28 11:33:47,836 - INFO - Found 38 trend containers
2024-12-28 11:33:47,904 - WARNING - Error processing trend container: Message: no such element: Unable to locate element: {"method":"xpath","selector":".//span[@dir='ltr']"}
  (Session info: chrome=131.0.6778.205); For documentation on this error, please visit: https://www.selenium.dev/documentation/webdriver/troubleshooting/errors#no-such-element-exception
Stacktrace:
	GetHandleVerifier [0x0081EC13+23731]
	(No symbol) [0x007AC394]
	(No symbol) [0x0068BE63]
	(No symbol) [0x006CFCE6]
	(No symbol) [0x006CFF2B]
	(No symbol) [0x006C5A81]
	(No symbol) [0x006F1EA4]
	(No symbol) [0x006C59A4]
	(No symbol) [0x006F20F4]
	(No symbol) [0x0070B46E]
	(No symbol) [0x006F1BF6]
	(No symbol) [0x006C3F35]
	(No symbol) [0x006C4EBD]
	GetHandleVerifier [0x00AFF0D3+3039603]
	GetHandleVerifier [0x00B12DEA+3120778]
	GetHandleVerifier [0x00B0B592+3089970]
	GetHandleVerifier [0x008B43B0+635984]
	(No symbol) [0x007B4DCD]
	(No symbol) [0x007B2068]
	(No symbol) [0x007B2205]
	(No symbol) [0x007A4FD0]
	BaseThreadInitThunk [0x767500C9+25]
	RtlGetAppContainerNamedObjectPath [0x774C7B1E+286]
	RtlGetAppContainerNamedObjectPath [0x774C7AEE+238]

2024-12-28 11:33:47,984 - WARNING - Error processing trend container: Message: no such element: Unable to locate element: {"method":"xpath","selector":".//span[@dir='ltr']"}
  (Session info: chrome=131.0.6778.205); For documentation on this error, please visit: https://www.selenium.dev/documentation/webdriver/troubleshooting/errors#no-such-element-exception
Stacktrace:
	GetHandleVerifier [0x0081EC13+23731]
	(No symbol) [0x007AC394]
	(No symbol) [0x0068BE63]
	(No symbol) [0x006CFCE6]
	(No symbol) [0x006CFF2B]
	(No symbol) [0x006C5A81]
	(No symbol) [0x006F1EA4]
	(No symbol) [0x006C59A4]
	(No symbol) [0x006F20F4]
	(No symbol) [0x0070B46E]
	(No symbol) [0x006F1BF6]
	(No symbol) [0x006C3F35]
	(No symbol) [0x006C4EBD]
	GetHandleVerifier [0x00AFF0D3+3039603]
	GetHandleVerifier [0x00B12DEA+3120778]
	GetHandleVerifier [0x00B0B592+3089970]
	GetHandleVerifier [0x008B43B0+635984]
	(No symbol) [0x007B4DCD]
	(No symbol) [0x007B2068]
	(No symbol) [0x007B2205]
	(No symbol) [0x007A4FD0]
	BaseThreadInitThunk [0x767500C9+25]
	RtlGetAppContainerNamedObjectPath [0x774C7B1E+286]
	RtlGetAppContainerNamedObjectPath [0x774C7AEE+238]

2024-12-28 11:33:48,138 - WARNING - Error processing trend container: Message: no such element: Unable to locate element: {"method":"xpath","selector":".//span[@dir='ltr']"}
  (Session info: chrome=131.0.6778.205); For documentation on this error, please visit: https://www.selenium.dev/documentation/webdriver/troubleshooting/errors#no-such-element-exception
Stacktrace:
	GetHandleVerifier [0x0081EC13+23731]
	(No symbol) [0x007AC394]
	(No symbol) [0x0068BE63]
	(No symbol) [0x006CFCE6]
	(No symbol) [0x006CFF2B]
	(No symbol) [0x006C5A81]
	(No symbol) [0x006F1EA4]
	(No symbol) [0x006C59A4]
	(No symbol) [0x006F20F4]
	(No symbol) [0x0070B46E]
	(No symbol) [0x006F1BF6]
	(No symbol) [0x006C3F35]
	(No symbol) [0x006C4EBD]
	GetHandleVerifier [0x00AFF0D3+3039603]
	GetHandleVerifier [0x00B12DEA+3120778]
	GetHandleVerifier [0x00B0B592+3089970]
	GetHandleVerifier [0x008B43B0+635984]
	(No symbol) [0x007B4DCD]
	(No symbol) [0x007B2068]
	(No symbol) [0x007B2205]
	(No symbol) [0x007A4FD0]
	BaseThreadInitThunk [0x767500C9+25]
	RtlGetAppContainerNamedObjectPath [0x774C7B1E+286]
	RtlGetAppContainerNamedObjectPath [0x774C7AEE+238]

2024-12-28 11:33:48,215 - WARNING - Error processing trend container: Message: no such element: Unable to locate element: {"method":"xpath","selector":".//span[@dir='ltr']"}
  (Session info: chrome=131.0.6778.205); For documentation on this error, please visit: https://www.selenium.dev/documentation/webdriver/troubleshooting/errors#no-such-element-exception
Stacktrace:
	GetHandleVerifier [0x0081EC13+23731]
	(No symbol) [0x007AC394]
	(No symbol) [0x0068BE63]
	(No symbol) [0x006CFCE6]
	(No symbol) [0x006CFF2B]
	(No symbol) [0x006C5A81]
	(No symbol) [0x006F1EA4]
	(No symbol) [0x006C59A4]
	(No symbol) [0x006F20F4]
	(No symbol) [0x0070B46E]
	(No symbol) [0x006F1BF6]
	(No symbol) [0x006C3F35]
	(No symbol) [0x006C4EBD]
	GetHandleVerifier [0x00AFF0D3+3039603]
	GetHandleVerifier [0x00B12DEA+3120778]
	GetHandleVerifier [0x00B0B592+3089970]
	GetHandleVerifier [0x008B43B0+635984]
	(No symbol) [0x007B4DCD]
	(No symbol) [0x007B2068]
	(No symbol) [0x007B2205]
	(No symbol) [0x007A4FD0]
	BaseThreadInitThunk [0x767500C9+25]
	RtlGetAppContainerNamedObjectPath [0x774C7B1E+286]
	RtlGetAppContainerNamedObjectPath [0x774C7AEE+238]

2024-12-28 11:33:48,321 - INFO - Added trend: #PriyankaChopra
2024-12-28 11:33:48,336 - WARNING - Error processing trend container: Message: no such element: Unable to locate element: {"method":"xpath","selector":".//span[@dir='ltr']"}
  (Session info: chrome=131.0.6778.205); For documentation on this error, please visit: https://www.selenium.dev/documentation/webdriver/troubleshooting/errors#no-such-element-exception
Stacktrace:
	GetHandleVerifier [0x0081EC13+23731]
	(No symbol) [0x007AC394]
	(No symbol) [0x0068BE63]
	(No symbol) [0x006CFCE6]
	(No symbol) [0x006CFF2B]
	(No symbol) [0x006C5A81]
	(No symbol) [0x006F1EA4]
	(No symbol) [0x006C59A4]
	(No symbol) [0x006F20F4]
	(No symbol) [0x0070B46E]
	(No symbol) [0x006F1BF6]
	(No symbol) [0x006C3F35]
	(No symbol) [0x006C4EBD]
	GetHandleVerifier [0x00AFF0D3+3039603]
	GetHandleVerifier [0x00B12DEA+3120778]
	GetHandleVerifier [0x00B0B592+3089970]
	GetHandleVerifier [0x008B43B0+635984]
	(No symbol) [0x007B4DCD]
	(No symbol) [0x007B2068]
	(No symbol) [0x007B2205]
	(No symbol) [0x007A4FD0]
	BaseThreadInitThunk [0x767500C9+25]
	RtlGetAppContainerNamedObjectPath [0x774C7B1E+286]
	RtlGetAppContainerNamedObjectPath [0x774C7AEE+238]

2024-12-28 11:33:48,357 - WARNING - Error processing trend container: Message: no such element: Unable to locate element: {"method":"xpath","selector":".//span[@dir='ltr']"}
  (Session info: chrome=131.0.6778.205); For documentation on this error, please visit: https://www.selenium.dev/documentation/webdriver/troubleshooting/errors#no-such-element-exception
Stacktrace:
	GetHandleVerifier [0x0081EC13+23731]
	(No symbol) [0x007AC394]
	(No symbol) [0x0068BE63]
	(No symbol) [0x006CFCE6]
	(No symbol) [0x006CFF2B]
	(No symbol) [0x006C5A81]
	(No symbol) [0x006F1EA4]
	(No symbol) [0x006C59A4]
	(No symbol) [0x006F20F4]
	(No symbol) [0x0070B46E]
	(No symbol) [0x006F1BF6]
	(No symbol) [0x006C3F35]
	(No symbol) [0x006C4EBD]
	GetHandleVerifier [0x00AFF0D3+3039603]
	GetHandleVerifier [0x00B12DEA+3120778]
	GetHandleVerifier [0x00B0B592+3089970]
	GetHandleVerifier [0x008B43B0+635984]
	(No symbol) [0x007B4DCD]
	(No symbol) [0x007B2068]
	(No symbol) [0x007B2205]
	(No symbol) [0x007A4FD0]
	BaseThreadInitThunk [0x767500C9+25]
	RtlGetAppContainerNamedObjectPath [0x774C7B1E+286]
	RtlGetAppContainerNamedObjectPath [0x774C7AEE+238]

2024-12-28 11:33:48,373 - WARNING - Error processing trend container: Message: no such element: Unable to locate element: {"method":"xpath","selector":".//span[@dir='ltr']"}
  (Session info: chrome=131.0.6778.205); For documentation on this error, please visit: https://www.selenium.dev/documentation/webdriver/troubleshooting/errors#no-such-element-exception
Stacktrace:
	GetHandleVerifier [0x0081EC13+23731]
	(No symbol) [0x007AC394]
	(No symbol) [0x0068BE63]
	(No symbol) [0x006CFCE6]
	(No symbol) [0x006CFF2B]
	(No symbol) [0x006C5A81]
	(No symbol) [0x006F1EA4]
	(No symbol) [0x006C59A4]
	(No symbol) [0x006F20F4]
	(No symbol) [0x0070B46E]
	(No symbol) [0x006F1BF6]
	(No symbol) [0x006C3F35]
	(No symbol) [0x006C4EBD]
	GetHandleVerifier [0x00AFF0D3+3039603]
	GetHandleVerifier [0x00B12DEA+3120778]
	GetHandleVerifier [0x00B0B592+3089970]
	GetHandleVerifier [0x008B43B0+635984]
	(No symbol) [0x007B4DCD]
	(No symbol) [0x007B2068]
	(No symbol) [0x007B2205]
	(No symbol) [0x007A4FD0]
	BaseThreadInitThunk [0x767500C9+25]
	RtlGetAppContainerNamedObjectPath [0x774C7B1E+286]
	RtlGetAppContainerNamedObjectPath [0x774C7AEE+238]

2024-12-28 11:33:48,390 - WARNING - Error processing trend container: Message: no such element: Unable to locate element: {"method":"xpath","selector":".//span[@dir='ltr']"}
  (Session info: chrome=131.0.6778.205); For documentation on this error, please visit: https://www.selenium.dev/documentation/webdriver/troubleshooting/errors#no-such-element-exception
Stacktrace:
	GetHandleVerifier [0x0081EC13+23731]
	(No symbol) [0x007AC394]
	(No symbol) [0x0068BE63]
	(No symbol) [0x006CFCE6]
	(No symbol) [0x006CFF2B]
	(No symbol) [0x006C5A81]
	(No symbol) [0x006F1EA4]
	(No symbol) [0x006C59A4]
	(No symbol) [0x006F20F4]
	(No symbol) [0x0070B46E]
	(No symbol) [0x006F1BF6]
	(No symbol) [0x006C3F35]
	(No symbol) [0x006C4EBD]
	GetHandleVerifier [0x00AFF0D3+3039603]
	GetHandleVerifier [0x00B12DEA+3120778]
	GetHandleVerifier [0x00B0B592+3089970]
	GetHandleVerifier [0x008B43B0+635984]
	(No symbol) [0x007B4DCD]
	(No symbol) [0x007B2068]
	(No symbol) [0x007B2205]
	(No symbol) [0x007A4FD0]
	BaseThreadInitThunk [0x767500C9+25]
	RtlGetAppContainerNamedObjectPath [0x774C7B1E+286]
	RtlGetAppContainerNamedObjectPath [0x774C7AEE+238]

2024-12-28 11:33:48,436 - INFO - Added trend: #SmackDown
2024-12-28 11:33:48,448 - WARNING - Error processing trend container: Message: no such element: Unable to locate element: {"method":"xpath","selector":".//span[@dir='ltr']"}
  (Session info: chrome=131.0.6778.205); For documentation on this error, please visit: https://www.selenium.dev/documentation/webdriver/troubleshooting/errors#no-such-element-exception
Stacktrace:
	GetHandleVerifier [0x0081EC13+23731]
	(No symbol) [0x007AC394]
	(No symbol) [0x0068BE63]
	(No symbol) [0x006CFCE6]
	(No symbol) [0x006CFF2B]
	(No symbol) [0x006C5A81]
	(No symbol) [0x006F1EA4]
	(No symbol) [0x006C59A4]
	(No symbol) [0x006F20F4]
	(No symbol) [0x0070B46E]
	(No symbol) [0x006F1BF6]
	(No symbol) [0x006C3F35]
	(No symbol) [0x006C4EBD]
	GetHandleVerifier [0x00AFF0D3+3039603]
	GetHandleVerifier [0x00B12DEA+3120778]
	GetHandleVerifier [0x00B0B592+3089970]
	GetHandleVerifier [0x008B43B0+635984]
	(No symbol) [0x007B4DCD]
	(No symbol) [0x007B2068]
	(No symbol) [0x007B2205]
	(No symbol) [0x007A4FD0]
	BaseThreadInitThunk [0x767500C9+25]
	RtlGetAppContainerNamedObjectPath [0x774C7B1E+286]
	RtlGetAppContainerNamedObjectPath [0x774C7AEE+238]

2024-12-28 11:33:48,489 - INFO - Added trend: #snowfall
2024-12-28 11:33:48,502 - WARNING - Error processing trend container: Message: no such element: Unable to locate element: {"method":"xpath","selector":".//span[@dir='ltr']"}
  (Session info: chrome=131.0.6778.205); For documentation on this error, please visit: https://www.selenium.dev/documentation/webdriver/troubleshooting/errors#no-such-element-exception
Stacktrace:
	GetHandleVerifier [0x0081EC13+23731]
	(No symbol) [0x007AC394]
	(No symbol) [0x0068BE63]
	(No symbol) [0x006CFCE6]
	(No symbol) [0x006CFF2B]
	(No symbol) [0x006C5A81]
	(No symbol) [0x006F1EA4]
	(No symbol) [0x006C59A4]
	(No symbol) [0x006F20F4]
	(No symbol) [0x0070B46E]
	(No symbol) [0x006F1BF6]
	(No symbol) [0x006C3F35]
	(No symbol) [0x006C4EBD]
	GetHandleVerifier [0x00AFF0D3+3039603]
	GetHandleVerifier [0x00B12DEA+3120778]
	GetHandleVerifier [0x00B0B592+3089970]
	GetHandleVerifier [0x008B43B0+635984]
	(No symbol) [0x007B4DCD]
	(No symbol) [0x007B2068]
	(No symbol) [0x007B2205]
	(No symbol) [0x007A4FD0]
	BaseThreadInitThunk [0x767500C9+25]
	RtlGetAppContainerNamedObjectPath [0x774C7B1E+286]
	RtlGetAppContainerNamedObjectPath [0x774C7AEE+238]

2024-12-28 11:33:48,521 - WARNING - Error processing trend container: Message: no such element: Unable to locate element: {"method":"xpath","selector":".//span[@dir='ltr']"}
  (Session info: chrome=131.0.6778.205); For documentation on this error, please visit: https://www.selenium.dev/documentation/webdriver/troubleshooting/errors#no-such-element-exception
Stacktrace:
	GetHandleVerifier [0x0081EC13+23731]
	(No symbol) [0x007AC394]
	(No symbol) [0x0068BE63]
	(No symbol) [0x006CFCE6]
	(No symbol) [0x006CFF2B]
	(No symbol) [0x006C5A81]
	(No symbol) [0x006F1EA4]
	(No symbol) [0x006C59A4]
	(No symbol) [0x006F20F4]
	(No symbol) [0x0070B46E]
	(No symbol) [0x006F1BF6]
	(No symbol) [0x006C3F35]
	(No symbol) [0x006C4EBD]
	GetHandleVerifier [0x00AFF0D3+3039603]
	GetHandleVerifier [0x00B12DEA+3120778]
	GetHandleVerifier [0x00B0B592+3089970]
	GetHandleVerifier [0x008B43B0+635984]
	(No symbol) [0x007B4DCD]
	(No symbol) [0x007B2068]
	(No symbol) [0x007B2205]
	(No symbol) [0x007A4FD0]
	BaseThreadInitThunk [0x767500C9+25]
	RtlGetAppContainerNamedObjectPath [0x774C7B1E+286]
	RtlGetAppContainerNamedObjectPath [0x774C7AEE+238]

2024-12-28 11:33:48,577 - INFO - Added trend: Sachin Tendulkar follows
2024-12-28 11:33:48,591 - WARNING - Error processing trend container: Message: no such element: Unable to locate element: {"method":"xpath","selector":".//span[@dir='ltr']"}
  (Session info: chrome=131.0.6778.205); For documentation on this error, please visit: https://www.selenium.dev/documentation/webdriver/troubleshooting/errors#no-such-element-exception
Stacktrace:
	GetHandleVerifier [0x0081EC13+23731]
	(No symbol) [0x007AC394]
	(No symbol) [0x0068BE63]
	(No symbol) [0x006CFCE6]
	(No symbol) [0x006CFF2B]
	(No symbol) [0x006C5A81]
	(No symbol) [0x006F1EA4]
	(No symbol) [0x006C59A4]
	(No symbol) [0x006F20F4]
	(No symbol) [0x0070B46E]
	(No symbol) [0x006F1BF6]
	(No symbol) [0x006C3F35]
	(No symbol) [0x006C4EBD]
	GetHandleVerifier [0x00AFF0D3+3039603]
	GetHandleVerifier [0x00B12DEA+3120778]
	GetHandleVerifier [0x00B0B592+3089970]
	GetHandleVerifier [0x008B43B0+635984]
	(No symbol) [0x007B4DCD]
	(No symbol) [0x007B2068]
	(No symbol) [0x007B2205]
	(No symbol) [0x007A4FD0]
	BaseThreadInitThunk [0x767500C9+25]
	RtlGetAppContainerNamedObjectPath [0x774C7B1E+286]
	RtlGetAppContainerNamedObjectPath [0x774C7AEE+238]

2024-12-28 11:33:48,659 - WARNING - Error processing trend container: Message: no such element: Unable to locate element: {"method":"xpath","selector":".//span[@dir='ltr']"}
  (Session info: chrome=131.0.6778.205); For documentation on this error, please visit: https://www.selenium.dev/documentation/webdriver/troubleshooting/errors#no-such-element-exception
Stacktrace:
	GetHandleVerifier [0x0081EC13+23731]
	(No symbol) [0x007AC394]
	(No symbol) [0x0068BE63]
	(No symbol) [0x006CFCE6]
	(No symbol) [0x006CFF2B]
	(No symbol) [0x006C5A81]
	(No symbol) [0x006F1EA4]
	(No symbol) [0x006C59A4]
	(No symbol) [0x006F20F4]
	(No symbol) [0x0070B46E]
	(No symbol) [0x006F1BF6]
	(No symbol) [0x006C3F35]
	(No symbol) [0x006C4EBD]
	GetHandleVerifier [0x00AFF0D3+3039603]
	GetHandleVerifier [0x00B12DEA+3120778]
	GetHandleVerifier [0x00B0B592+3089970]
	GetHandleVerifier [0x008B43B0+635984]
	(No symbol) [0x007B4DCD]
	(No symbol) [0x007B2068]
	(No symbol) [0x007B2205]
	(No symbol) [0x007A4FD0]
	BaseThreadInitThunk [0x767500C9+25]
	RtlGetAppContainerNamedObjectPath [0x774C7B1E+286]
	RtlGetAppContainerNamedObjectPath [0x774C7AEE+238]

2024-12-28 11:33:48,679 - WARNING - Error processing trend container: Message: no such element: Unable to locate element: {"method":"xpath","selector":".//span[@dir='ltr']"}
  (Session info: chrome=131.0.6778.205); For documentation on this error, please visit: https://www.selenium.dev/documentation/webdriver/troubleshooting/errors#no-such-element-exception
Stacktrace:
	GetHandleVerifier [0x0081EC13+23731]
	(No symbol) [0x007AC394]
	(No symbol) [0x0068BE63]
	(No symbol) [0x006CFCE6]
	(No symbol) [0x006CFF2B]
	(No symbol) [0x006C5A81]
	(No symbol) [0x006F1EA4]
	(No symbol) [0x006C59A4]
	(No symbol) [0x006F20F4]
	(No symbol) [0x0070B46E]
	(No symbol) [0x006F1BF6]
	(No symbol) [0x006C3F35]
	(No symbol) [0x006C4EBD]
	GetHandleVerifier [0x00AFF0D3+3039603]
	GetHandleVerifier [0x00B12DEA+3120778]
	GetHandleVerifier [0x00B0B592+3089970]
	GetHandleVerifier [0x008B43B0+635984]
	(No symbol) [0x007B4DCD]
	(No symbol) [0x007B2068]
	(No symbol) [0x007B2205]
	(No symbol) [0x007A4FD0]
	BaseThreadInitThunk [0x767500C9+25]
	RtlGetAppContainerNamedObjectPath [0x774C7B1E+286]
	RtlGetAppContainerNamedObjectPath [0x774C7AEE+238]

2024-12-28 11:33:48,697 - WARNING - Error processing trend container: Message: no such element: Unable to locate element: {"method":"xpath","selector":".//span[@dir='ltr']"}
  (Session info: chrome=131.0.6778.205); For documentation on this error, please visit: https://www.selenium.dev/documentation/webdriver/troubleshooting/errors#no-such-element-exception
Stacktrace:
	GetHandleVerifier [0x0081EC13+23731]
	(No symbol) [0x007AC394]
	(No symbol) [0x0068BE63]
	(No symbol) [0x006CFCE6]
	(No symbol) [0x006CFF2B]
	(No symbol) [0x006C5A81]
	(No symbol) [0x006F1EA4]
	(No symbol) [0x006C59A4]
	(No symbol) [0x006F20F4]
	(No symbol) [0x0070B46E]
	(No symbol) [0x006F1BF6]
	(No symbol) [0x006C3F35]
	(No symbol) [0x006C4EBD]
	GetHandleVerifier [0x00AFF0D3+3039603]
	GetHandleVerifier [0x00B12DEA+3120778]
	GetHandleVerifier [0x00B0B592+3089970]
	GetHandleVerifier [0x008B43B0+635984]
	(No symbol) [0x007B4DCD]
	(No symbol) [0x007B2068]
	(No symbol) [0x007B2205]
	(No symbol) [0x007A4FD0]
	BaseThreadInitThunk [0x767500C9+25]
	RtlGetAppContainerNamedObjectPath [0x774C7B1E+286]
	RtlGetAppContainerNamedObjectPath [0x774C7AEE+238]

2024-12-28 11:33:48,765 - INFO - Added trend: $QQQE
2024-12-28 11:33:49,315 - INFO - Successfully saved trending topics
2024-12-28 11:33:49,865 - INFO - Scraping completed successfully
2024-12-28 11:33:49,867 - INFO - 127.0.0.1 - - [28/Dec/2024 11:33:49] "POST /scrape HTTP/1.1" 200 -
